#
# A fatal error has been detected by the Java Runtime Environment:
#
#  EXCEPTION_ACCESS_VIOLATION (0xc0000005) at pc=0x00000001800550d2, pid=4776, tid=4028
#
# JRE version: 7.0_25-b17
# Java VM: Java HotSpot(TM) 64-Bit Server VM (23.25-b01 mixed mode windows-amd64 compressed oops)
# Problematic frame:
# C  [ig75icd64.dll+0x550d2]  RegisterProcTableCallback+0x4b982
#
# Failed to write core dump. Minidumps are not enabled by default on client versions of Windows
#
# If you would like to submit a bug report, please visit:
#   http://bugreport.sun.com/bugreport/crash.jsp
# The crash happened outside the Java Virtual Machine in native code.
# See problematic frame for where to report the bug.
#

---------------  T H R E A D  ---------------

Current thread (0x000000000bae0000):  JavaThread "AWT-EventQueue-0" [_thread_in_native, id=4028, stack(0x000000000ca40000,0x000000000cb40000)]

siginfo: ExceptionCode=0xc0000005, reading address 0x0000000000000108

Registers:
RAX=0x0000000011a3ad20, RBX=0x00000000116c6bd0, RCX=0x000000000000010f, RDX=0x0000000000000000
RSP=0x000000000cb3da10, RBP=0x000000000cb3daa0, RSI=0x00000000116c6bd0, RDI=0x000000000fdf5f78
R8 =0x0000000000000000, R9 =0x0000000000000008, R10=0x000000000000003c, R11=0x000000005540db68
R12=0x0000000000000000, R13=0x00000000026e3e80, R14=0x00000000026e3e80, R15=0x000000000bae0000
RIP=0x00000001800550d2, EFLAGS=0x0000000000010287

Top of Stack: (sp=0x000000000cb3da10)
0x000000000cb3da10:   00000000026e3e80 00000000116c6bd0
0x000000000cb3da20:   00000000116c6bd0 0000000000000001
0x000000000cb3da30:   0000000000000001 000000000cb3da38
0x000000000cb3da40:   0000000000000001 000000006450d7ff
0x000000000cb3da50:   000000000bae01d8 00000000bbe93ad8
0x000000000cb3da60:   00000000baf00df0 000000000bae0000
0x000000000cb3da70:   00000000bb9bc730 0000000000000000
0x000000000cb3da80:   00000000bb9bc730 000000000cb3dba0
0x000000000cb3da90:   00000000bb6625d0 0000000000000010
0x000000000cb3daa0:   000000000cb3db50 0000000002af23a8
0x000000000cb3dab0:   0000000000000001 00000000026e3e80
0x000000000cb3dac0:   000000000000010f 0000000000000000
0x000000000cb3dad0:   0000000000000000 0000000000000001
0x000000000cb3dae0:   00000001803f8ac0 0000000002ae61f8
0x000000000cb3daf0:   0000000000000000 0000000002ae61f8
0x000000000cb3db00:   0000000000000010 00000000f400a6c0 

Instructions: (pc=0x00000001800550d2)
0x00000001800550b2:   8d 45 20 48 8d 54 24 38 e8 11 fc fc ff 4c 8b 5c
0x00000001800550c2:   24 38 4c 3b 5e 38 75 04 33 d2 eb 04 49 8b 53 18
0x00000001800550d2:   83 ba 08 01 00 00 08 75 0c 41 8b 55 00 48 8b cf
0x00000001800550e2:   e8 59 1e 01 00 45 33 e4 66 0f 1f 44 00 00 33 f6 


Register to memory mapping:

RAX=0x0000000011a3ad20 is an unknown value
RBX=0x00000000116c6bd0 is an unknown value
RCX=0x000000000000010f is an unknown value
RDX=0x0000000000000000 is an unknown value
RSP=0x000000000cb3da10 is pointing into the stack for thread: 0x000000000bae0000
RBP=0x000000000cb3daa0 is pointing into the stack for thread: 0x000000000bae0000
RSI=0x00000000116c6bd0 is an unknown value
RDI=0x000000000fdf5f78 is an unknown value
R8 =0x0000000000000000 is an unknown value
R9 =0x0000000000000008 is an unknown value
R10=0x000000000000003c is an unknown value
R11=0x000000005540db68 is an unknown value
R12=0x0000000000000000 is an unknown value
R13=0x00000000026e3e80 is an unknown value
R14=0x00000000026e3e80 is an unknown value
R15=0x000000000bae0000 is a thread


Stack: [0x000000000ca40000,0x000000000cb40000],  sp=0x000000000cb3da10,  free space=1014k
Native frames: (J=compiled Java code, j=interpreted, Vv=VM code, C=native code)
C  [ig75icd64.dll+0x550d2]  RegisterProcTableCallback+0x4b982
j  jogamp.opengl.gl4.GL4bcImpl.dispatch_glDeleteTextures1(ILjava/lang/Object;IZJ)V+0
j  jogamp.opengl.gl4.GL4bcImpl.glDeleteTextures(ILjava/nio/IntBuffer;)V+75
j  processing.opengl.PGL.deleteTextures(ILjava/nio/IntBuffer;)V+5
j  processing.opengl.PGraphicsOpenGL.deleteFinalizedTextureObjects()V+91
j  processing.opengl.PGraphicsOpenGL.createTextureObject(I)I+0
j  processing.opengl.Texture.allocate()V+49
j  processing.opengl.Texture.init(IILprocessing/opengl/Texture$Parameters;)V+12
j  processing.opengl.Texture.<init>(IILjava/lang/Object;)V+59
j  processing.opengl.PGraphicsOpenGL.loadTextureImpl(IZ)V+57
j  processing.opengl.PGraphicsOpenGL.initOffscreen()V+3
j  processing.opengl.PGraphicsOpenGL.beginOffscreenDraw()V+8
j  processing.opengl.PGraphicsOpenGL.beginDraw()V+113
j  floader.visuals.StartVisual.draw()V+340
j  processing.core.PApplet.handleDraw()V+281
j  processing.opengl.PGL$PGLListener.display(Ljavax/media/opengl/GLAutoDrawable;)V+376
j  jogamp.opengl.GLDrawableHelper.displayImpl(Ljavax/media/opengl/GLAutoDrawable;)V+58
j  jogamp.opengl.GLDrawableHelper.display(Ljavax/media/opengl/GLAutoDrawable;)V+2
j  javax.media.opengl.awt.GLCanvas$7.run()V+118
j  jogamp.opengl.GLDrawableHelper.invokeGLImpl(Ljavax/media/opengl/GLDrawable;Ljavax/media/opengl/GLContext;Ljava/lang/Runnable;Ljava/lang/Runnable;)V+206
j  jogamp.opengl.GLDrawableHelper.invokeGL(Ljavax/media/opengl/GLDrawable;Ljavax/media/opengl/GLContext;Ljava/lang/Runnable;Ljava/lang/Runnable;)V+80
j  javax.media.opengl.awt.GLCanvas$8.run()V+73
j  java.awt.event.InvocationEvent.dispatch()V+11
j  java.awt.EventQueue.dispatchEventImpl(Ljava/awt/AWTEvent;Ljava/lang/Object;)V+21
j  java.awt.EventQueue.access$200(Ljava/awt/EventQueue;Ljava/awt/AWTEvent;Ljava/lang/Object;)V+3
j  java.awt.EventQueue$3.run()Ljava/lang/Void;+12
j  java.awt.EventQueue$3.run()Ljava/lang/Object;+1
v  ~StubRoutines::call_stub

Java frames: (J=compiled Java code, j=interpreted, Vv=VM code)
j  jogamp.opengl.gl4.GL4bcImpl.dispatch_glDeleteTextures1(ILjava/lang/Object;IZJ)V+0
j  jogamp.opengl.gl4.GL4bcImpl.glDeleteTextures(ILjava/nio/IntBuffer;)V+75
j  processing.opengl.PGL.deleteTextures(ILjava/nio/IntBuffer;)V+5
j  processing.opengl.PGraphicsOpenGL.deleteFinalizedTextureObjects()V+91
j  processing.opengl.PGraphicsOpenGL.createTextureObject(I)I+0
j  processing.opengl.Texture.allocate()V+49
j  processing.opengl.Texture.init(IILprocessing/opengl/Texture$Parameters;)V+12
j  processing.opengl.Texture.<init>(IILjava/lang/Object;)V+59
j  processing.opengl.PGraphicsOpenGL.loadTextureImpl(IZ)V+57
j  processing.opengl.PGraphicsOpenGL.initOffscreen()V+3
j  processing.opengl.PGraphicsOpenGL.beginOffscreenDraw()V+8
j  processing.opengl.PGraphicsOpenGL.beginDraw()V+113
j  floader.visuals.StartVisual.draw()V+340
j  processing.core.PApplet.handleDraw()V+281
j  processing.opengl.PGL$PGLListener.display(Ljavax/media/opengl/GLAutoDrawable;)V+376
j  jogamp.opengl.GLDrawableHelper.displayImpl(Ljavax/media/opengl/GLAutoDrawable;)V+58
j  jogamp.opengl.GLDrawableHelper.display(Ljavax/media/opengl/GLAutoDrawable;)V+2
j  javax.media.opengl.awt.GLCanvas$7.run()V+118
j  jogamp.opengl.GLDrawableHelper.invokeGLImpl(Ljavax/media/opengl/GLDrawable;Ljavax/media/opengl/GLContext;Ljava/lang/Runnable;Ljava/lang/Runnable;)V+206
j  jogamp.opengl.GLDrawableHelper.invokeGL(Ljavax/media/opengl/GLDrawable;Ljavax/media/opengl/GLContext;Ljava/lang/Runnable;Ljava/lang/Runnable;)V+80
j  javax.media.opengl.awt.GLCanvas$8.run()V+73
j  java.awt.event.InvocationEvent.dispatch()V+11
j  java.awt.EventQueue.dispatchEventImpl(Ljava/awt/AWTEvent;Ljava/lang/Object;)V+21
j  java.awt.EventQueue.access$200(Ljava/awt/EventQueue;Ljava/awt/AWTEvent;Ljava/lang/Object;)V+3
j  java.awt.EventQueue$3.run()Ljava/lang/Void;+12
j  java.awt.EventQueue$3.run()Ljava/lang/Object;+1
v  ~StubRoutines::call_stub
j  java.security.AccessController.doPrivileged(Ljava/security/PrivilegedAction;Ljava/security/AccessControlContext;)Ljava/lang/Object;+0
j  java.security.ProtectionDomain$1.doIntersectionPrivilege(Ljava/security/PrivilegedAction;Ljava/security/AccessControlContext;Ljava/security/AccessControlContext;)Ljava/lang/Object;+28
j  java.awt.EventQueue.dispatchEvent(Ljava/awt/AWTEvent;)V+46
j  java.awt.EventDispatchThread.pumpOneEventForFilters(I)V+245
j  java.awt.EventDispatchThread.pumpEventsForFilter(ILjava/awt/Conditional;Ljava/awt/EventFilter;)V+35
j  java.awt.EventDispatchThread.pumpEventsForHierarchy(ILjava/awt/Conditional;Ljava/awt/Component;)V+11
j  java.awt.EventDispatchThread.pumpEvents(ILjava/awt/Conditional;)V+4
j  java.awt.EventDispatchThread.pumpEvents(Ljava/awt/Conditional;)V+3
j  java.awt.EventDispatchThread.run()V+9
v  ~StubRoutines::call_stub

---------------  P R O C E S S  ---------------

Java Threads: ( => current thread )
  0x0000000018279800 JavaThread "Java Sound MidiInDevice Thread" [_thread_in_native, id=5232, stack(0x0000000016bb0000,0x0000000016cb0000)]
  0x000000000eb14800 JavaThread "Java Sound Event Dispatcher" daemon [_thread_blocked, id=4628, stack(0x0000000019340000,0x0000000019440000)]
  0x000000000eddc000 JavaThread "Thread-5" [_thread_in_native, id=3656, stack(0x0000000016a90000,0x0000000016b90000)]
  0x000000000eaab000 JavaThread "Animation Thread-SharedResourceRunner" daemon [_thread_blocked, id=2232, stack(0x000000000c6d0000,0x000000000c7d0000)]
  0x000000000266d000 JavaThread "DestroyJavaVM" [_thread_blocked, id=5284, stack(0x00000000029e0000,0x0000000002ae0000)]
  0x000000000bc12000 JavaThread "Animation Thread" [_thread_blocked, id=2604, stack(0x000000000e600000,0x000000000e700000)]
=>0x000000000bae0000 JavaThread "AWT-EventQueue-0" [_thread_in_native, id=4028, stack(0x000000000ca40000,0x000000000cb40000)]
  0x000000000bb2d800 JavaThread "AWT-Windows" daemon [_thread_in_native, id=1872, stack(0x000000000c910000,0x000000000ca10000)]
  0x000000000bac1000 JavaThread "AWT-Shutdown" [_thread_blocked, id=5888, stack(0x000000000c800000,0x000000000c900000)]
  0x000000000ba73800 JavaThread "Java2D Disposer" daemon [_thread_blocked, id=4852, stack(0x000000000c5c0000,0x000000000c6c0000)]
  0x000000000b90c800 JavaThread "Service Thread" daemon [_thread_blocked, id=4768, stack(0x000000000bf10000,0x000000000c010000)]
  0x000000000b907800 JavaThread "C2 CompilerThread1" daemon [_thread_blocked, id=5652, stack(0x000000000c240000,0x000000000c340000)]
  0x000000000b900800 JavaThread "C2 CompilerThread0" daemon [_thread_blocked, id=4744, stack(0x000000000c040000,0x000000000c140000)]
  0x000000000b900000 JavaThread "Attach Listener" daemon [_thread_blocked, id=412, stack(0x000000000bda0000,0x000000000bea0000)]
  0x000000000b8ff000 JavaThread "Signal Dispatcher" daemon [_thread_blocked, id=4492, stack(0x000000000b2e0000,0x000000000b3e0000)]
  0x00000000097db000 JavaThread "Finalizer" daemon [_thread_blocked, id=5160, stack(0x000000000b7b0000,0x000000000b8b0000)]
  0x00000000097d3000 JavaThread "Reference Handler" daemon [_thread_blocked, id=1704, stack(0x000000000b580000,0x000000000b680000)]

Other Threads:
  0x00000000097c9800 VMThread [stack: 0x000000000b430000,0x000000000b530000] [id=2312]
  0x000000000b925800 WatcherThread [stack: 0x000000000c440000,0x000000000c540000] [id=5704]

VM state:not at safepoint (normal execution)

VM Mutex/Monitor currently owned by a thread: None

Heap
 PSYoungGen      total 152896K, used 23962K [0x00000000eaab0000, 0x00000000f5550000, 0x0000000100000000)
  eden space 131072K, 1% used [0x00000000eaab0000,0x00000000eacccf90,0x00000000f2ab0000)
  from space 21824K, 99% used [0x00000000f4000000,0x00000000f5549990,0x00000000f5550000)
  to   space 21824K, 0% used [0x00000000f2ab0000,0x00000000f2ab0000,0x00000000f4000000)
 ParOldGen       total 349568K, used 6817K [0x00000000c0000000, 0x00000000d5560000, 0x00000000eaab0000)
  object space 349568K, 1% used [0x00000000c0000000,0x00000000c06a8560,0x00000000d5560000)
 PSPermGen       total 21248K, used 18645K [0x00000000bae00000, 0x00000000bc2c0000, 0x00000000c0000000)
  object space 21248K, 87% used [0x00000000bae00000,0x00000000bc035668,0x00000000bc2c0000)

Card table byte_map: [0x0000000005ae0000,0x0000000005d10000] byte_map_base: 0x0000000005509000

Polling page: 0x0000000000230000

Code Cache  [0x0000000002ae0000, 0x0000000002d50000, 0x0000000005ae0000)
 total_blobs=1168 nmethods=385 adapters=734 free_code_cache=47641Kb largest_free_block=48740480

Compilation events (10 events):
Event: 9.439 Thread 0x000000000b907800 nmethod 368 0x0000000002c5a1d0 code [0x0000000002c5a900, 0x0000000002c605d8]
Event: 9.762 Thread 0x000000000b900800  389             java.lang.Number::<init> (5 bytes)
Event: 9.762 Thread 0x000000000b900800 nmethod 389 0x0000000002c4d610 code [0x0000000002c4d740, 0x0000000002c4d798]
Event: 10.095 Thread 0x000000000b907800  390             java.lang.Long::valueOf (36 bytes)
Event: 10.096 Thread 0x000000000b907800 nmethod 390 0x0000000002c4d090 code [0x0000000002c4d1e0, 0x0000000002c4d2b8]
Event: 10.196 Thread 0x000000000b900800  391             javolution.util.FastMap::getSubMap (28 bytes)
Event: 10.196 Thread 0x000000000b900800 nmethod 391 0x0000000002c4fa90 code [0x0000000002c4fbe0, 0x0000000002c4fcc8]
Event: 10.848 Thread 0x000000000b907800  392             java.nio.Bits::byteOrder (20 bytes)
Event: 10.848 Thread 0x000000000b907800 nmethod 392 0x0000000002c51110 code [0x0000000002c51240, 0x0000000002c51298]
Event: 11.415 Thread 0x000000000b900800  394             java.util.HashMap::containsKey (14 bytes)

GC Heap History (4 events):
Event: 2.487 GC heap before
{Heap before GC invocations=1 (full 0):
 PSYoungGen      total 152896K, used 131072K [0x00000000eaab0000, 0x00000000f5550000, 0x0000000100000000)
  eden space 131072K, 100% used [0x00000000eaab0000,0x00000000f2ab0000,0x00000000f2ab0000)
  from space 21824K, 0% used [0x00000000f4000000,0x00000000f4000000,0x00000000f5550000)
  to   space 21824K, 0% used [0x00000000f2ab0000,0x00000000f2ab0000,0x00000000f4000000)
 ParOldGen       total 349568K, used 0K [0x00000000c0000000, 0x00000000d5560000, 0x00000000eaab0000)
  object space 349568K, 0% used [0x00000000c0000000,0x00000000c0000000,0x00000000d5560000)
 PSPermGen       total 21248K, used 17184K [0x00000000bae00000, 0x00000000bc2c0000, 0x00000000c0000000)
  object space 21248K, 80% used [0x00000000bae00000,0x00000000bbec8240,0x00000000bc2c0000)
Event: 2.504 GC heap after
Heap after GC invocations=1 (full 0):
 PSYoungGen      total 152896K, used 18231K [0x00000000eaab0000, 0x00000000f5550000, 0x0000000100000000)
  eden space 131072K, 0% used [0x00000000eaab0000,0x00000000eaab0000,0x00000000f2ab0000)
  from space 21824K, 83% used [0x00000000f2ab0000,0x00000000f3c7ddb8,0x00000000f4000000)
  to   space 21824K, 0% used [0x00000000f4000000,0x00000000f4000000,0x00000000f5550000)
 ParOldGen       total 349568K, used 8K [0x00000000c0000000, 0x00000000d5560000, 0x00000000eaab0000)
  object space 349568K, 0% used [0x00000000c0000000,0x00000000c0002000,0x00000000d5560000)
 PSPermGen       total 21248K, used 17184K [0x00000000bae00000, 0x00000000bc2c0000, 0x00000000c0000000)
  object space 21248K, 80% used [0x00000000bae00000,0x00000000bbec8240,0x00000000bc2c0000)
}
Event: 11.396 GC heap before
{Heap before GC invocations=2 (full 0):
 PSYoungGen      total 152896K, used 149303K [0x00000000eaab0000, 0x00000000f5550000, 0x0000000100000000)
  eden space 131072K, 100% used [0x00000000eaab0000,0x00000000f2ab0000,0x00000000f2ab0000)
  from space 21824K, 83% used [0x00000000f2ab0000,0x00000000f3c7ddb8,0x00000000f4000000)
  to   space 21824K, 0% used [0x00000000f4000000,0x00000000f4000000,0x00000000f5550000)
 ParOldGen       total 349568K, used 8K [0x00000000c0000000, 0x00000000d5560000, 0x00000000eaab0000)
  object space 349568K, 0% used [0x00000000c0000000,0x00000000c0002000,0x00000000d5560000)
 PSPermGen       total 21248K, used 18645K [0x00000000bae00000, 0x00000000bc2c0000, 0x00000000c0000000)
  object space 21248K, 87% used [0x00000000bae00000,0x00000000bc035668,0x00000000bc2c0000)
Event: 11.413 GC heap after
Heap after GC invocations=2 (full 0):
 PSYoungGen      total 152896K, used 21798K [0x00000000eaab0000, 0x00000000f5550000, 0x0000000100000000)
  eden space 131072K, 0% used [0x00000000eaab0000,0x00000000eaab0000,0x00000000f2ab0000)
  from space 21824K, 99% used [0x00000000f4000000,0x00000000f5549990,0x00000000f5550000)
  to   space 21824K, 0% used [0x00000000f2ab0000,0x00000000f2ab0000,0x00000000f4000000)
 ParOldGen       total 349568K, used 6817K [0x00000000c0000000, 0x00000000d5560000, 0x00000000eaab0000)
  object space 349568K, 1% used [0x00000000c0000000,0x00000000c06a8560,0x00000000d5560000)
 PSPermGen       total 21248K, used 18645K [0x00000000bae00000, 0x00000000bc2c0000, 0x00000000c0000000)
  object space 21248K, 87% used [0x00000000bae00000,0x00000000bc035668,0x00000000bc2c0000)
}

Deoptimization events (10 events):
Event: 3.253 Thread 0x000000000bae0000 Uncommon trap -83 fr.pc 0x0000000002bae3a8
Event: 3.323 Thread 0x000000000bae0000 Uncommon trap -34 fr.pc 0x0000000002c08408
Event: 3.339 Thread 0x000000000bae0000 Uncommon trap -34 fr.pc 0x0000000002bc2508
Event: 3.339 Thread 0x000000000bae0000 Uncommon trap -34 fr.pc 0x0000000002bc2508
Event: 3.358 Thread 0x000000000bae0000 Uncommon trap -34 fr.pc 0x0000000002c08408
Event: 3.380 Thread 0x000000000bae0000 Uncommon trap -34 fr.pc 0x0000000002c08408
Event: 3.381 Thread 0x000000000bae0000 Uncommon trap -34 fr.pc 0x0000000002c08408
Event: 3.672 Thread 0x000000000bae0000 Uncommon trap -122 fr.pc 0x0000000002c0dcdc
Event: 11.414 Thread 0x00000000097db000 Uncommon trap -34 fr.pc 0x0000000002bc2508
Event: 11.414 Thread 0x00000000097db000 Uncommon trap -34 fr.pc 0x0000000002bc2508

Internal exceptions (10 events):
Event: 3.266 Thread 0x000000000bae0000 Threw 0x00000000ec5be760 at C:\jdk7u2_64p\jdk7u25\hotspot\src\share\vm\prims\jvm.cpp:1235
Event: 3.267 Thread 0x000000000bae0000 Threw 0x00000000ec5cc060 at C:\jdk7u2_64p\jdk7u25\hotspot\src\share\vm\prims\jvm.cpp:1235
Event: 3.268 Thread 0x000000000bae0000 Threw 0x00000000ec5de4f0 at C:\jdk7u2_64p\jdk7u25\hotspot\src\share\vm\prims\jvm.cpp:1235
Event: 3.269 Thread 0x000000000bae0000 Threw 0x00000000ec5e9ca0 at C:\jdk7u2_64p\jdk7u25\hotspot\src\share\vm\prims\jvm.cpp:1235
Event: 3.269 Thread 0x000000000bae0000 Threw 0x00000000ec5edb70 at C:\jdk7u2_64p\jdk7u25\hotspot\src\share\vm\prims\jvm.cpp:1235
Event: 7.015 Thread 0x000000000bae0000 Threw 0x00000000ee9c7280 at C:\jdk7u2_64p\jdk7u25\hotspot\src\share\vm\prims\jvm.cpp:1235
Event: 7.015 Thread 0x000000000bae0000 Threw 0x00000000ee9caec8 at C:\jdk7u2_64p\jdk7u25\hotspot\src\share\vm\prims\jvm.cpp:1235
Event: 7.016 Thread 0x000000000bae0000 Threw 0x00000000ee9d1220 at C:\jdk7u2_64p\jdk7u25\hotspot\src\share\vm\prims\jvm.cpp:1235
Event: 7.548 Thread 0x0000000018279800 Threw 0x00000000ef254b20 at C:\jdk7u2_64p\jdk7u25\hotspot\src\share\vm\prims\jvm.cpp:1235
Event: 7.563 Thread 0x0000000018279800 Threw 0x00000000ef2580b8 at C:\jdk7u2_64p\jdk7u25\hotspot\src\share\vm\prims\jvm.cpp:1235

Events (10 events):
Event: 11.415 Executing VM operation: RevokeBias
Event: 11.415 Executing VM operation: RevokeBias done
Event: 11.415 Executing VM operation: RevokeBias
Event: 11.415 Executing VM operation: RevokeBias done
Event: 11.415 Executing VM operation: BulkRevokeBias
Event: 11.415 Executing VM operation: BulkRevokeBias done
Event: 11.415 Executing VM operation: RevokeBias
Event: 11.415 Executing VM operation: RevokeBias done
Event: 11.415 Executing VM operation: RevokeBias
Event: 11.415 Executing VM operation: RevokeBias done


Dynamic libraries:
0x000000013fc00000 - 0x000000013fc33000 	C:\Program Files\Java\jre7\bin\javaw.exe
0x0000000077aa0000 - 0x0000000077c49000 	C:\Windows\SYSTEM32\ntdll.dll
0x0000000077880000 - 0x000000007799f000 	C:\Windows\system32\kernel32.dll
0x000007fefd990000 - 0x000007fefd9fb000 	C:\Windows\system32\KERNELBASE.dll
0x000007feffb70000 - 0x000007feffc4b000 	C:\Windows\system32\ADVAPI32.dll
0x000007fefe2c0000 - 0x000007fefe35f000 	C:\Windows\system32\msvcrt.dll
0x000007fefddc0000 - 0x000007fefdddf000 	C:\Windows\SYSTEM32\sechost.dll
0x000007fefe3e0000 - 0x000007fefe50d000 	C:\Windows\system32\RPCRT4.dll
0x00000000779a0000 - 0x0000000077a9a000 	C:\Windows\system32\USER32.dll
0x000007feffc70000 - 0x000007feffcd7000 	C:\Windows\system32\GDI32.dll
0x000007fefe2b0000 - 0x000007fefe2be000 	C:\Windows\system32\LPK.dll
0x000007feffce0000 - 0x000007feffda9000 	C:\Windows\system32\USP10.dll
0x000007fefbda0000 - 0x000007fefbf94000 	C:\Windows\WinSxS\amd64_microsoft.windows.common-controls_6595b64144ccf1df_6.0.7601.17514_none_fa396087175ac9ac\COMCTL32.dll
0x000007fefe360000 - 0x000007fefe3d1000 	C:\Windows\system32\SHLWAPI.dll
0x000007feffac0000 - 0x000007feffaee000 	C:\Windows\system32\IMM32.DLL
0x000007fefdcb0000 - 0x000007fefddb9000 	C:\Windows\system32\MSCTF.dll
0x000007fefd830000 - 0x000007fefd876000 	C:\Windows\system32\nvinitx.dll
0x000000000f000000 - 0x000000000f006000 	C:\Program Files\NVIDIA Corporation\CoProcManager\_etoured.dll
0x000007fef9a70000 - 0x000007fef9ac5000 	C:\Program Files\NVIDIA Corporation\CoProcManager\nvd3d9wrapx.dll
0x000007fefdde0000 - 0x000007fefdfb7000 	C:\Windows\system32\SETUPAPI.dll
0x000007fefdc60000 - 0x000007fefdc96000 	C:\Windows\system32\CFGMGR32.dll
0x000007feff880000 - 0x000007feff957000 	C:\Windows\system32\OLEAUT32.dll
0x000007feff440000 - 0x000007feff643000 	C:\Windows\system32\ole32.dll
0x000007fefd930000 - 0x000007fefd94a000 	C:\Windows\system32\DEVOBJ.dll
0x000007fef9970000 - 0x000007fef99ad000 	C:\Program Files\NVIDIA Corporation\CoProcManager\nvdxgiwrapx.dll
0x0000000055480000 - 0x0000000055551000 	C:\Program Files\Java\jre7\bin\msvcr100.dll
0x0000000054d70000 - 0x000000005547f000 	C:\Program Files\Java\jre7\bin\server\jvm.dll
0x000007fef3e60000 - 0x000007fef3e69000 	C:\Windows\system32\WSOCK32.dll
0x000007fefe510000 - 0x000007fefe55d000 	C:\Windows\system32\WS2_32.dll
0x000007feff2f0000 - 0x000007feff2f8000 	C:\Windows\system32\NSI.dll
0x000007fefa270000 - 0x000007fefa2ab000 	C:\Windows\system32\WINMM.dll
0x0000000077c70000 - 0x0000000077c77000 	C:\Windows\system32\PSAPI.DLL
0x0000000070500000 - 0x000000007050f000 	C:\Program Files\Java\jre7\bin\verify.dll
0x000000005fa10000 - 0x000000005fa38000 	C:\Program Files\Java\jre7\bin\java.dll
0x000000006ea10000 - 0x000000006ea25000 	C:\Program Files\Java\jre7\bin\zip.dll
0x0000000054bd0000 - 0x0000000054d65000 	C:\Program Files\Java\jre7\bin\awt.dll
0x000007fefa920000 - 0x000007fefa938000 	C:\Windows\system32\DWMAPI.DLL
0x000007fefae10000 - 0x000007fefae66000 	C:\Windows\system32\uxtheme.dll
0x000007fefd760000 - 0x000007fefd76f000 	C:\Windows\system32\CRYPTBASE.dll
0x000000005fae0000 - 0x000000005fb1f000 	C:\Program Files\Java\jre7\bin\fontmanager.dll
0x000007fefd100000 - 0x000007fefd117000 	C:\Windows\system32\CRYPTSP.dll
0x000007fefce00000 - 0x000007fefce47000 	C:\Windows\system32\rsaenh.dll
0x000007fefcb70000 - 0x000007fefcb8e000 	C:\Windows\system32\USERENV.dll
0x000007fefd880000 - 0x000007fefd88f000 	C:\Windows\system32\profapi.dll
0x000000006d640000 - 0x000000006d659000 	C:\Program Files\Java\jre7\bin\net.dll
0x000007fefd0a0000 - 0x000007fefd0f5000 	C:\Windows\system32\mswsock.dll
0x000007fefd090000 - 0x000007fefd097000 	C:\Windows\System32\wship6.dll
0x000007fefc1a0000 - 0x000007fefc1b5000 	C:\Windows\system32\NLAapi.dll
0x000007fef77c0000 - 0x000007fef77d5000 	C:\Windows\system32\napinsp.dll
0x000007fef7780000 - 0x000007fef7799000 	C:\Windows\system32\pnrpnsp.dll
0x000007fefcf20000 - 0x000007fefcf7b000 	C:\Windows\system32\DNSAPI.dll
0x000007fef7660000 - 0x000007fef766b000 	C:\Windows\System32\winrnr.dll
0x000007fef7650000 - 0x000007fef7660000 	C:\Windows\system32\wshbth.dll
0x000007fefca40000 - 0x000007fefca47000 	C:\Windows\System32\wshtcpip.dll
0x000007fefbcc0000 - 0x000007fefbce7000 	C:\Windows\system32\IPHLPAPI.DLL
0x000007fefbcb0000 - 0x000007fefbcbb000 	C:\Windows\system32\WINNSI.DLL
0x000007fef7f10000 - 0x000007fef7f18000 	C:\Windows\system32\rasadhlp.dll
0x000007fefbb40000 - 0x000007fefbb93000 	C:\Windows\System32\fwpuclnt.dll
0x000000005f3e0000 - 0x000000005f3f1000 	C:\Program Files\Java\jre7\bin\nio.dll
0x00000000637c0000 - 0x00000000637ca000 	C:\Users\Owner\AppData\Local\Temp\jogamp_0000\file_cache\jln6093394326710023753\jln6212594567134277185\gluegen-rt.dll
0x00000000651e0000 - 0x00000000651e7000 	C:\Program Files\Java\jre7\bin\jawt.dll
0x000000006a440000 - 0x000000006a44b000 	C:\Users\Owner\AppData\Local\Temp\jogamp_0000\file_cache\jln6093394326710023753\jln6212594567134277185\nativewindow_awt.dll
0x000007fefe560000 - 0x000007feff2e8000 	C:\Windows\system32\SHELL32.dll
0x000000006c100000 - 0x000000006c10b000 	C:\Users\Owner\AppData\Local\Temp\jogamp_0000\file_cache\jln6093394326710023753\jln6212594567134277185\nativewindow_win32.dll
0x000007fef19c0000 - 0x000007fef1add000 	C:\Windows\system32\OpenGL32.dll
0x000007fefa950000 - 0x000007fefa97d000 	C:\Windows\system32\GLU32.dll
0x000007fef3c10000 - 0x000007fef3d01000 	C:\Windows\system32\DDRAW.dll
0x000007fef3c00000 - 0x000007fef3c08000 	C:\Windows\system32\DCIMAN32.dll
0x0000000064500000 - 0x000000006458e000 	C:\Users\Owner\AppData\Local\Temp\jogamp_0000\file_cache\jln6093394326710023753\jln6212594567134277185\jogl_desktop.dll
0x0000000180000000 - 0x00000001806e6000 	C:\Windows\system32\ig75icd64.dll
0x000007fef5b40000 - 0x000007fef5f71000 	C:\Windows\system32\igdusc64.dll
0x000000005fa00000 - 0x000000005fa0c000 	C:\Program Files\Java\jre7\bin\jsound.dll
0x000000005f9d0000 - 0x000000005f9db000 	C:\Program Files\Java\jre7\bin\jsoundds.dll
0x000007fef78b0000 - 0x000007fef7938000 	C:\Windows\system32\DSOUND.dll
0x000007fefc6f0000 - 0x000007fefc71c000 	C:\Windows\system32\POWRPROF.dll
0x000007fefc660000 - 0x000007fefc6ab000 	C:\Windows\system32\MMDevAPI.DLL
0x000007fefc400000 - 0x000007fefc52c000 	C:\Windows\system32\PROPSYS.dll
0x000007fef7870000 - 0x000007fef78ab000 	C:\Windows\system32\wdmaud.drv
0x0000000070cf0000 - 0x0000000070cf6000 	C:\Windows\system32\ksuser.dll
0x000007fefc6e0000 - 0x000007fefc6e9000 	C:\Windows\system32\AVRT.dll
0x000007fef3bb0000 - 0x000007fef3bff000 	C:\Windows\system32\AUDIOSES.DLL
0x000007fefa9e0000 - 0x000007fefa9ea000 	C:\Windows\system32\msacm32.drv
0x000007fefa3e0000 - 0x000007fefa3f8000 	C:\Windows\system32\MSACM32.dll
0x000007fefc6c0000 - 0x000007fefc6c9000 	C:\Windows\system32\midimap.dll
0x000007feff3a0000 - 0x000007feff439000 	C:\Windows\system32\CLBCatQ.DLL
0x000007fef1bc0000 - 0x000007fef1ce5000 	C:\Windows\system32\dbghelp.dll

VM Arguments:
jvm_args: -Xms512m -Xmx1024m -Dfile.encoding=Cp1252 
java_command: floader.visuals.StartVisual
Launcher Type: SUN_STANDARD

Environment Variables:
CLASSPATH=.;C:\Program Files (x86)\QuickTime\QTSystem\QTJava.zip
PATH=C:/Program Files (x86)/Java/jre7/bin/client;C:/Program Files (x86)/Java/jre7/bin;C:/Program Files (x86)/Java/jre7/lib/i386;C:\Program Files (x86)\NVIDIA Corporation\PhysX\Common;C:\Program Files (x86)\Intel\iCLS Client\;C:\Program Files\Intel\iCLS Client\;C:\Windows\system32;C:\Windows;C:\Windows\System32\Wbem;C:\Windows\System32\WindowsPowerShell\v1.0\;C:\Program Files\Intel\Intel(R) Management Engine Components\DAL;C:\Program Files\Intel\Intel(R) Management Engine Components\IPT;C:\Program Files (x86)\Intel\Intel(R) Management Engine Components\DAL;C:\Program Files (x86)\Intel\Intel(R) Management Engine Components\IPT;C:\Program Files (x86)\QuickTime\QTSystem\;C:\Program Files (x86)\Intel\OpenCL SDK\3.0\bin\x86;C:\Program Files (x86)\Intel\OpenCL SDK\3.0\bin\x64i????a;.;;.;;C:\Program Files (x86)\eclipse;
USERNAME=Owner
OS=Windows_NT
PROCESSOR_IDENTIFIER=Intel64 Family 6 Model 60 Stepping 3, GenuineIntel



---------------  S Y S T E M  ---------------

OS: Windows 7 , 64 bit Build 7601 Service Pack 1

CPU:total 8 (4 cores per cpu, 2 threads per core) family 6 model 60 stepping 3, cmov, cx8, fxsr, mmx, sse, sse2, sse3, ssse3, sse4.1, sse4.2, popcnt, avx, avx2, ht, tsc, tscinvbit

Memory: 4k page, physical 16695576k(8942504k free), swap 33389292k(24339468k free)

vm_info: Java HotSpot(TM) 64-Bit Server VM (23.25-b01) for windows-amd64 JRE (1.7.0_25-b17), built on Jun 21 2013 12:58:32 by "java_re" with unknown MS VC++:1600

time: Wed Dec 11 20:55:26 2013
elapsed time: 11 seconds

