#
# A fatal error has been detected by the Java Runtime Environment:
#
#  EXCEPTION_ACCESS_VIOLATION (0xc0000005) at pc=0x000007fee011acb0, pid=6360, tid=10188
#
# JRE version: Java(TM) SE Runtime Environment (8.0_31-b13) (build 1.8.0_31-b13)
# Java VM: Java HotSpot(TM) 64-Bit Server VM (25.31-b07 mixed mode windows-amd64 compressed oops)
# Problematic frame:
# C  [action_x64.dll+0x1acb0]
#
# Failed to write core dump. Minidumps are not enabled by default on client versions of Windows
#
# If you would like to submit a bug report, please visit:
#   http://bugreport.java.com/bugreport/crash.jsp
# The crash happened outside the Java Virtual Machine in native code.
# See problematic frame for where to report the bug.
#

---------------  T H R E A D  ---------------

Current thread (0x0000000009b12000):  JavaThread "AWT-EventQueue-0" [_thread_in_native, id=10188, stack(0x000000000e320000,0x000000000e420000)]

siginfo: ExceptionCode=0xc0000005, reading address 0x0000000021a8f490

Registers:
RAX=0x00000000000000f0, RBX=0x0000000000000080, RCX=0x0000000035d58300, RDX=0x0000000035d57400
RSP=0x000000000e41da30, RBP=0x0000000000000164, RSI=0x0000000035d57400, RDI=0x0000000021a8f490
R8 =0x0000000021a91290, R9 =0x00000000000000f0, R10=0x0000000021a8f490, R11=0x0000000000000000
R12=0x0000000000000780, R13=0x0000000000000f00, R14=0x0000000000001e00, R15=0x0000000000000000
RIP=0x000007fee011acb0, EFLAGS=0x0000000000010206

Top of Stack: (sp=0x000000000e41da30)
0x000000000e41da30:   005e005e005e005e 005e005e005e005e
0x000000000e41da40:   004a004a004a004a 004a004a004a004a
0x000000000e41da50:   0012001200120012 0012001200120012
0x000000000e41da60:   0000000000000000 0000000000000000
0x000000000e41da70:   0000000000000000 0000000000000000
0x000000000e41da80:   0000000080000000 0000000000000000
0x000000000e41da90:   0000000080000000 0000000000000000
0x000000000e41daa0:   00000000c351f210 0000000000000000
0x000000000e41dab0:   0000000000000000 0000000000000000
0x000000000e41dac0:   0000000080000000 0000000000000000
0x000000000e41dad0:   0000000000000000 0000000000000000
0x000000000e41dae0:   0000000080000000 0000000000000000
0x000000000e41daf0:   0000000000000000 0000000000000000
0x000000000e41db00:   00000000027499d0 000007fee010434e
0x000000000e41db10:   00000000027499d0 00000000000006fa
0x000000000e41db20:   0000000000000000 0000000000000464 

Instructions: (pc=0x000007fee011acb0)
0x000007fee011ac90:   66 0f 70 f8 00 66 0f 6e c0 41 8b c1 66 0f 61 c0
0x000007fee011aca0:   66 44 0f 70 d0 00 66 66 0f 1f 84 00 00 00 00 00
0x000007fee011acb0:   f3 41 0f 6f 02 48 83 c2 10 49 83 c2 20 48 83 e8
0x000007fee011acc0:   01 f2 0f 70 c8 d8 f3 41 0f 6f 42 f0 f3 0f 70 d1 


Register to memory mapping:

RAX=0x00000000000000f0 is an unknown value
RBX=0x0000000000000080 is an unknown value
RCX=0x0000000035d58300 is an unknown value
RDX=0x0000000035d57400 is an unknown value
RSP=0x000000000e41da30 is pointing into the stack for thread: 0x0000000009b12000
RBP=0x0000000000000164 is an unknown value
RSI=0x0000000035d57400 is an unknown value
RDI=0x0000000021a8f490 is an unknown value
R8 =0x0000000021a91290 is an unknown value
R9 =0x00000000000000f0 is an unknown value
R10=0x0000000021a8f490 is an unknown value
R11=0x0000000000000000 is an unknown value
R12=0x0000000000000780 is an unknown value
R13=0x0000000000000f00 is an unknown value
R14=0x0000000000001e00 is an unknown value
R15=0x0000000000000000 is an unknown value


Stack: [0x000000000e320000,0x000000000e420000],  sp=0x000000000e41da30,  free space=1014k
Native frames: (J=compiled Java code, j=interpreted, Vv=VM code, C=native code)
C  [action_x64.dll+0x1acb0]
C  [action_x64.dll+0x434e]
C  [action_x64.dll+0xdd86]
C  [action_x64.dll+0xe113]
C  [nativewindow_win32.dll+0x1fbd]

Java frames: (J=compiled Java code, j=interpreted, Vv=VM code)
j  jogamp.nativewindow.windows.GDI.SwapBuffers(J)Z+0
j  jogamp.opengl.windows.wgl.WGLUtil.SwapBuffers(J)Z+12
j  jogamp.opengl.windows.wgl.WindowsWGLDrawable.swapBuffersImpl(Z)V+23
j  jogamp.opengl.GLDrawableImpl.swapBuffers()V+67
j  jogamp.opengl.GLDrawableHelper.invokeGLImpl(Ljavax/media/opengl/GLDrawable;Ljavax/media/opengl/GLContext;Ljava/lang/Runnable;Ljava/lang/Runnable;)V+219
j  jogamp.opengl.GLDrawableHelper.invokeGL(Ljavax/media/opengl/GLDrawable;Ljavax/media/opengl/GLContext;Ljava/lang/Runnable;Ljava/lang/Runnable;)V+80
j  javax.media.opengl.awt.GLCanvas$8.run()V+73
j  java.awt.event.InvocationEvent.dispatch()V+11
j  java.awt.EventQueue.dispatchEventImpl(Ljava/awt/AWTEvent;Ljava/lang/Object;)V+21
j  java.awt.EventQueue.access$500(Ljava/awt/EventQueue;Ljava/awt/AWTEvent;Ljava/lang/Object;)V+3
j  java.awt.EventQueue$3.run()Ljava/lang/Void;+32
j  java.awt.EventQueue$3.run()Ljava/lang/Object;+1
v  ~StubRoutines::call_stub
J 1575  java.security.AccessController.doPrivileged(Ljava/security/PrivilegedAction;Ljava/security/AccessControlContext;)Ljava/lang/Object; (0 bytes) @ 0x000000000f55dfa6 [0x000000000f55df40+0x66]
j  java.security.ProtectionDomain$1.doIntersectionPrivilege(Ljava/security/PrivilegedAction;Ljava/security/AccessControlContext;Ljava/security/AccessControlContext;)Ljava/lang/Object;+28
j  java.awt.EventQueue.dispatchEvent(Ljava/awt/AWTEvent;)V+46
j  java.awt.EventDispatchThread.pumpOneEventForFilters(I)V+245
j  java.awt.EventDispatchThread.pumpEventsForFilter(ILjava/awt/Conditional;Ljava/awt/EventFilter;)V+35
j  java.awt.EventDispatchThread.pumpEventsForHierarchy(ILjava/awt/Conditional;Ljava/awt/Component;)V+11
j  java.awt.EventDispatchThread.pumpEvents(ILjava/awt/Conditional;)V+4
j  java.awt.EventDispatchThread.pumpEvents(Ljava/awt/Conditional;)V+3
j  java.awt.EventDispatchThread.run()V+9
v  ~StubRoutines::call_stub

---------------  P R O C E S S  ---------------

Java Threads: ( => current thread )
  0x000000001f404800 JavaThread "Java Sound MidiInDevice Thread" [_thread_in_native, id=2812, stack(0x000000002bda0000,0x000000002bea0000)]
  0x000000001f3e4000 JavaThread "Java Sound Event Dispatcher" daemon [_thread_blocked, id=7796, stack(0x000000002af40000,0x000000002b040000)]
  0x0000000009fd7000 JavaThread "Thread-5" [_thread_in_native, id=7892, stack(0x0000000028800000,0x0000000028900000)]
  0x0000000009d72800 JavaThread "Animation Thread-SharedResourceRunner" daemon [_thread_blocked, id=8516, stack(0x000000000e640000,0x000000000e740000)]
  0x000000000276f000 JavaThread "DestroyJavaVM" [_thread_blocked, id=6012, stack(0x0000000002990000,0x0000000002a90000)]
  0x0000000009bd1800 JavaThread "Animation Thread" [_thread_blocked, id=11260, stack(0x000000000ebe0000,0x000000000ece0000)]
  0x0000000009b9f000 JavaThread "D3D Screen Updater" daemon [_thread_blocked, id=10548, stack(0x000000000e9d0000,0x000000000ead0000)]
=>0x0000000009b12000 JavaThread "AWT-EventQueue-0" [_thread_in_native, id=10188, stack(0x000000000e320000,0x000000000e420000)]
  0x0000000007f3f000 JavaThread "AWT-Windows" daemon [_thread_in_native, id=9312, stack(0x000000000a5e0000,0x000000000a6e0000)]
  0x0000000007f3e000 JavaThread "AWT-Shutdown" [_thread_blocked, id=5556, stack(0x000000000a410000,0x000000000a510000)]
  0x0000000009ad8000 JavaThread "Java2D Disposer" daemon [_thread_blocked, id=9132, stack(0x000000000a310000,0x000000000a410000)]
  0x0000000007c91800 JavaThread "Service Thread" daemon [_thread_blocked, id=10612, stack(0x00000000097e0000,0x00000000098e0000)]
  0x0000000007c18800 JavaThread "C1 CompilerThread3" daemon [_thread_blocked, id=7404, stack(0x00000000096e0000,0x00000000097e0000)]
  0x0000000007c05800 JavaThread "C2 CompilerThread2" daemon [_thread_blocked, id=5840, stack(0x00000000095d0000,0x00000000096d0000)]
  0x0000000007bf8800 JavaThread "C2 CompilerThread1" daemon [_thread_blocked, id=5304, stack(0x00000000094c0000,0x00000000095c0000)]
  0x0000000007bf3000 JavaThread "C2 CompilerThread0" daemon [_thread_blocked, id=9988, stack(0x0000000008d90000,0x0000000008e90000)]
  0x0000000007bec800 JavaThread "Attach Listener" daemon [_thread_blocked, id=5944, stack(0x0000000009250000,0x0000000009350000)]
  0x0000000006c5f800 JavaThread "Signal Dispatcher" daemon [_thread_blocked, id=9016, stack(0x0000000009010000,0x0000000009110000)]
  0x0000000006c47000 JavaThread "Finalizer" daemon [_thread_blocked, id=8172, stack(0x0000000008b30000,0x0000000008c30000)]
  0x00000000026ae800 JavaThread "Reference Handler" daemon [_thread_blocked, id=6232, stack(0x0000000008e90000,0x0000000008f90000)]

Other Threads:
  0x00000000026ab800 VMThread [stack: 0x0000000008c50000,0x0000000008d50000] [id=10540]
  0x0000000007c94800 WatcherThread [stack: 0x0000000009940000,0x0000000009a40000] [id=8572]

VM state:not at safepoint (normal execution)

VM Mutex/Monitor currently owned by a thread: None

Heap:
 PSYoungGen      total 153088K, used 77776K [0x00000000eab00000, 0x00000000f5580000, 0x0000000100000000)
  eden space 131584K, 46% used [0x00000000eab00000,0x00000000ee6ca7e0,0x00000000f2b80000)
  from space 21504K, 76% used [0x00000000f2b80000,0x00000000f3ba99c0,0x00000000f4080000)
  to   space 21504K, 0% used [0x00000000f4080000,0x00000000f4080000,0x00000000f5580000)
 ParOldGen       total 349696K, used 16K [0x00000000c0000000, 0x00000000d5580000, 0x00000000eab00000)
  object space 349696K, 0% used [0x00000000c0000000,0x00000000c0004000,0x00000000d5580000)
 Metaspace       used 17366K, capacity 17549K, committed 17792K, reserved 1064960K
  class space    used 1762K, capacity 1816K, committed 1920K, reserved 1048576K

Card table byte_map: [0x0000000003120000,0x0000000003330000] byte_map_base: 0x0000000002b20000

Marking Bits: (ParMarkBitMap*) 0x00000000547ed4f0
 Begin Bits: [0x0000000004060000, 0x0000000005060000)
 End Bits:   [0x0000000005060000, 0x0000000006060000)

Polling page: 0x0000000000320000

CodeCache: size=245760Kb used=5631Kb max_used=5643Kb free=240128Kb
 bounds [0x000000000f010000, 0x000000000f5a0000, 0x000000001e010000]
 total_blobs=2533 nmethods=1683 adapters=764
 compilation: enabled

Compilation events (10 events):
Event: 12.382 Thread 0x0000000007c18800 1683       1       processing.opengl.Texture::invertedY (5 bytes)
Event: 12.382 Thread 0x0000000007c18800 nmethod 1683 0x000000000f592d10 code [0x000000000f592e60, 0x000000000f592f70]
Event: 12.414 Thread 0x0000000007c18800 1684       3       processing.opengl.PGL::scissor (14 bytes)
Event: 12.415 Thread 0x0000000007c18800 nmethod 1684 0x000000000f592fd0 code [0x000000000f593140, 0x000000000f593368]
Event: 12.415 Thread 0x0000000007c18800 1685       3       jogamp.opengl.gl4.GL4bcImpl::glScissor (45 bytes)
Event: 12.415 Thread 0x0000000007c18800 nmethod 1685 0x000000000f593450 code [0x000000000f5935e0, 0x000000000f5939f8]
Event: 12.445 Thread 0x0000000007c05800 1686       4       processing.opengl.PGraphicsOpenGL$Tessellator::beginTex (24 bytes)
Event: 12.445 Thread 0x0000000007bf3000 1687       4       processing.opengl.PGraphicsOpenGL$Tessellator::endTex (24 bytes)
Event: 12.446 Thread 0x0000000007c05800 nmethod 1686 0x000000000f596890 code [0x000000000f5969c0, 0x000000000f596a78]
Event: 12.449 Thread 0x0000000007bf3000 nmethod 1687 0x000000000f5945d0 code [0x000000000f594780, 0x000000000f594bc0]

GC Heap History (2 events):
Event: 2.600 GC heap before
{Heap before GC invocations=1 (full 0):
 PSYoungGen      total 153088K, used 131584K [0x00000000eab00000, 0x00000000f5580000, 0x0000000100000000)
  eden space 131584K, 100% used [0x00000000eab00000,0x00000000f2b80000,0x00000000f2b80000)
  from space 21504K, 0% used [0x00000000f4080000,0x00000000f4080000,0x00000000f5580000)
  to   space 21504K, 0% used [0x00000000f2b80000,0x00000000f2b80000,0x00000000f4080000)
 ParOldGen       total 349696K, used 0K [0x00000000c0000000, 0x00000000d5580000, 0x00000000eab00000)
  object space 349696K, 0% used [0x00000000c0000000,0x00000000c0000000,0x00000000d5580000)
 Metaspace       used 16421K, capacity 16599K, committed 16896K, reserved 1064960K
  class space    used 1679K, capacity 1743K, committed 1792K, reserved 1048576K
Event: 2.618 GC heap after
Heap after GC invocations=1 (full 0):
 PSYoungGen      total 153088K, used 16550K [0x00000000eab00000, 0x00000000f5580000, 0x0000000100000000)
  eden space 131584K, 0% used [0x00000000eab00000,0x00000000eab00000,0x00000000f2b80000)
  from space 21504K, 76% used [0x00000000f2b80000,0x00000000f3ba99c0,0x00000000f4080000)
  to   space 21504K, 0% used [0x00000000f4080000,0x00000000f4080000,0x00000000f5580000)
 ParOldGen       total 349696K, used 16K [0x00000000c0000000, 0x00000000d5580000, 0x00000000eab00000)
  object space 349696K, 0% used [0x00000000c0000000,0x00000000c0004000,0x00000000d5580000)
 Metaspace       used 16421K, capacity 16599K, committed 16896K, reserved 1064960K
  class space    used 1679K, capacity 1743K, committed 1792K, reserved 1048576K
}

Deoptimization events (10 events):
Event: 1.186 Thread 0x0000000009b12000 Uncommon trap: reason=unreached action=reinterpret pc=0x000000000f31458c method=com.jogamp.common.nio.Buffers.getDirectBufferByteOffset(Ljava/lang/Object;)I @ 1
Event: 1.229 Thread 0x0000000009b12000 Uncommon trap: reason=unreached action=reinterpret pc=0x000000000f2fa1c0 method=com.jogamp.common.util.IntIntHashMap.get(I)I @ 19
Event: 2.474 Thread 0x0000000009b12000 Uncommon trap: reason=predicate action=maybe_recompile pc=0x000000000f40a4b8 method=java.util.TimSort.reverseRange([Ljava/lang/Object;II)V @ 8
Event: 2.476 Thread 0x0000000009b12000 Uncommon trap: reason=predicate action=maybe_recompile pc=0x000000000f40bcd8 method=java.util.TimSort.reverseRange([Ljava/lang/Object;II)V @ 8
Event: 2.492 Thread 0x0000000009b12000 Uncommon trap: reason=array_check action=maybe_recompile pc=0x000000000f40fa34 method=java.util.TimSort.reverseRange([Ljava/lang/Object;II)V @ 20
Event: 2.492 Thread 0x0000000009b12000 Uncommon trap: reason=array_check action=maybe_recompile pc=0x000000000f40fa34 method=java.util.TimSort.reverseRange([Ljava/lang/Object;II)V @ 20
Event: 2.492 Thread 0x0000000009b12000 Uncommon trap: reason=array_check action=maybe_recompile pc=0x000000000f40fa34 method=java.util.TimSort.reverseRange([Ljava/lang/Object;II)V @ 20
Event: 2.492 Thread 0x0000000009b12000 Uncommon trap: reason=array_check action=maybe_recompile pc=0x000000000f40fa34 method=java.util.TimSort.reverseRange([Ljava/lang/Object;II)V @ 20
Event: 2.636 Thread 0x0000000009b12000 Uncommon trap: reason=unreached action=reinterpret pc=0x000000000f41f3b0 method=java.util.HashMap$HashIterator.<init>(Ljava/util/HashMap;)V @ 38
Event: 4.298 Thread 0x0000000009b12000 Uncommon trap: reason=unreached action=reinterpret pc=0x000000000f48b8bc method=processing.opengl.PGraphicsOpenGL$Tessellator.setLastTexIndex(II)V @ 15

Internal exceptions (10 events):
Event: 2.980 Thread 0x0000000009b12000 Exception <a 'java/security/PrivilegedActionException'> (0x00000000eb81a150) thrown at [C:\workspace\8-2-build-windows-amd64-cygwin\jdk8u31\2394\hotspot\src\share\vm\prims\jvm.cpp, line 1312]
Event: 2.981 Thread 0x0000000009b12000 Exception <a 'java/security/PrivilegedActionException'> (0x00000000eb81eab0) thrown at [C:\workspace\8-2-build-windows-amd64-cygwin\jdk8u31\2394\hotspot\src\share\vm\prims\jvm.cpp, line 1312]
Event: 2.982 Thread 0x0000000009b12000 Exception <a 'java/security/PrivilegedActionException'> (0x00000000eb822ef0) thrown at [C:\workspace\8-2-build-windows-amd64-cygwin\jdk8u31\2394\hotspot\src\share\vm\prims\jvm.cpp, line 1312]
Event: 2.983 Thread 0x0000000009b12000 Exception <a 'java/security/PrivilegedActionException'> (0x00000000eb827550) thrown at [C:\workspace\8-2-build-windows-amd64-cygwin\jdk8u31\2394\hotspot\src\share\vm\prims\jvm.cpp, line 1312]
Event: 3.717 Thread 0x0000000009bd1800 Exception <a 'java/security/PrivilegedActionException'> (0x00000000ecde2cd0) thrown at [C:\workspace\8-2-build-windows-amd64-cygwin\jdk8u31\2394\hotspot\src\share\vm\prims\jvm.cpp, line 1312]
Event: 3.736 Thread 0x0000000009bd1800 Exception <a 'java/lang/reflect/InvocationTargetException'> (0x00000000ecde8188) thrown at [C:\workspace\8-2-build-windows-amd64-cygwin\jdk8u31\2394\hotspot\src\share\vm\runtime\reflection.cpp, line 1080]
Event: 4.484 Thread 0x0000000009b12000 Exception <a 'java/security/PrivilegedActionException'> (0x00000000ee45d6a8) thrown at [C:\workspace\8-2-build-windows-amd64-cygwin\jdk8u31\2394\hotspot\src\share\vm\prims\jvm.cpp, line 1312]
Event: 4.876 Thread 0x000000001f404800 Exception <a 'java/security/PrivilegedActionException'> (0x00000000ee65d430) thrown at [C:\workspace\8-2-build-windows-amd64-cygwin\jdk8u31\2394\hotspot\src\share\vm\prims\jvm.cpp, line 1312]
Event: 4.876 Thread 0x000000001f404800 Exception <a 'java/security/PrivilegedActionException'> (0x00000000ee65fc98) thrown at [C:\workspace\8-2-build-windows-amd64-cygwin\jdk8u31\2394\hotspot\src\share\vm\prims\jvm.cpp, line 1312]
Event: 9.847 Thread 0x0000000009b12000 Exception <a 'java/security/PrivilegedActionException'> (0x00000000ee4cb7e0) thrown at [C:\workspace\8-2-build-windows-amd64-cygwin\jdk8u31\2394\hotspot\src\share\vm\prims\jvm.cpp, line 1312]

Events (10 events):
Event: 9.776 loading class java/awt/KeyboardFocusManager$5
Event: 9.777 loading class java/awt/KeyboardFocusManager$5 done
Event: 9.777 loading class sun/reflect/UnsafeBooleanFieldAccessorImpl
Event: 9.777 loading class sun/reflect/UnsafeBooleanFieldAccessorImpl done
Event: 9.779 loading class java/awt/AWTEvent$2
Event: 9.779 loading class java/awt/AWTEvent$2 done
Event: 9.847 loading class floader/visuals/hardwarecontrollers/ComputerKeyboard
Event: 9.847 loading class floader/visuals/hardwarecontrollers/ComputerKeyboard done
Event: 10.344 loading class java/awt/Cursor$CursorDisposer
Event: 10.344 loading class java/awt/Cursor$CursorDisposer done


Dynamic libraries:
0x000000013f4a0000 - 0x000000013f4d4000 	C:\Program Files\Java\jre1.8.0_31\bin\javaw.exe
0x0000000077110000 - 0x00000000772b9000 	C:\Windows\SYSTEM32\ntdll.dll
0x0000000076ef0000 - 0x000000007700f000 	C:\Windows\system32\kernel32.dll
0x000007fefcfb0000 - 0x000007fefd01b000 	C:\Windows\system32\KERNELBASE.dll
0x000007fefd320000 - 0x000007fefd3fb000 	C:\Windows\system32\ADVAPI32.dll
0x000007fefd970000 - 0x000007fefda0f000 	C:\Windows\system32\msvcrt.dll
0x000007fefd6b0000 - 0x000007fefd6cf000 	C:\Windows\SYSTEM32\sechost.dll
0x000007fefd470000 - 0x000007fefd59d000 	C:\Windows\system32\RPCRT4.dll
0x0000000077010000 - 0x000000007710a000 	C:\Windows\system32\USER32.dll
0x000007fefd400000 - 0x000007fefd467000 	C:\Windows\system32\GDI32.dll
0x000007fefd6d0000 - 0x000007fefd6de000 	C:\Windows\system32\LPK.dll
0x000007fefee30000 - 0x000007fefeef9000 	C:\Windows\system32\USP10.dll
0x000007fefb530000 - 0x000007fefb724000 	C:\Windows\WinSxS\amd64_microsoft.windows.common-controls_6595b64144ccf1df_6.0.7601.17514_none_fa396087175ac9ac\COMCTL32.dll
0x000007feff3a0000 - 0x000007feff411000 	C:\Windows\system32\SHLWAPI.dll
0x000007fefd5a0000 - 0x000007fefd5ce000 	C:\Windows\system32\IMM32.DLL
0x000007fefed20000 - 0x000007fefee29000 	C:\Windows\system32\MSCTF.dll
0x000007fefcea0000 - 0x000007fefcee6000 	C:\Windows\system32\nvinitx.dll
0x000000000f000000 - 0x000000000f006000 	C:\Program Files\NVIDIA Corporation\CoProcManager\_etoured.dll
0x000007fef9bb0000 - 0x000007fef9c05000 	C:\Program Files\NVIDIA Corporation\CoProcManager\nvd3d9wrapx.dll
0x000007fefea30000 - 0x000007fefec07000 	C:\Windows\system32\SETUPAPI.dll
0x000007fefd2e0000 - 0x000007fefd316000 	C:\Windows\system32\CFGMGR32.dll
0x000007fefd5d0000 - 0x000007fefd6a7000 	C:\Windows\system32\OLEAUT32.dll
0x000007fefef00000 - 0x000007feff103000 	C:\Windows\system32\ole32.dll
0x000007fefd150000 - 0x000007fefd16a000 	C:\Windows\system32\DEVOBJ.dll
0x000007fef9ac0000 - 0x000007fef9afd000 	C:\Program Files\NVIDIA Corporation\CoProcManager\nvdxgiwrapx.dll
0x0000000055d70000 - 0x0000000055e42000 	C:\Program Files\Java\jre1.8.0_31\bin\msvcr100.dll
0x0000000054010000 - 0x000000005486a000 	C:\Program Files\Java\jre1.8.0_31\bin\server\jvm.dll
0x000007fef3390000 - 0x000007fef3399000 	C:\Windows\system32\WSOCK32.dll
0x000007fefec10000 - 0x000007fefec5d000 	C:\Windows\system32\WS2_32.dll
0x000007fefe7a0000 - 0x000007fefe7a8000 	C:\Windows\system32\NSI.dll
0x000007fef86e0000 - 0x000007fef871b000 	C:\Windows\system32\WINMM.dll
0x00000000772d0000 - 0x00000000772d7000 	C:\Windows\system32\PSAPI.DLL
0x000000005d100000 - 0x000000005d10f000 	C:\Program Files\Java\jre1.8.0_31\bin\verify.dll
0x0000000056c30000 - 0x0000000056c58000 	C:\Program Files\Java\jre1.8.0_31\bin\java.dll
0x0000000056c10000 - 0x0000000056c26000 	C:\Program Files\Java\jre1.8.0_31\bin\zip.dll
0x000007fefda10000 - 0x000007fefe798000 	C:\Windows\system32\SHELL32.dll
0x000007fefcef0000 - 0x000007fefceff000 	C:\Windows\system32\profapi.dll
0x0000000055b60000 - 0x0000000055cf8000 	C:\Program Files\Java\jre1.8.0_31\bin\awt.dll
0x000007fefb0b0000 - 0x000007fefb0c8000 	C:\Windows\system32\DWMAPI.DLL
0x000007fefb480000 - 0x000007fefb4d6000 	C:\Windows\system32\uxtheme.dll
0x000007fefcdd0000 - 0x000007fefcddf000 	C:\Windows\system32\CRYPTBASE.dll
0x000007fee4a70000 - 0x000007fee4c6f000 	C:\Windows\system32\d3d9.dll
0x000007fefbf90000 - 0x000007fefbf9c000 	C:\Windows\system32\VERSION.dll
0x000007fef29f0000 - 0x000007fef29f7000 	C:\Windows\system32\d3d8thk.dll
0x000007feea0c0000 - 0x000007feea1cb000 	C:\Windows\system32\nvumdshimx.dll
0x000007fee4220000 - 0x000007fee4a6b000 	C:\Windows\system32\igdumdim64.dll
0x000007fee7b30000 - 0x000007fee7f61000 	C:\Windows\system32\igdusc64.dll
0x0000000055b10000 - 0x0000000055b57000 	C:\Program Files\Java\jre1.8.0_31\bin\fontmanager.dll
0x000007fee0100000 - 0x000007fee0263000 	C:\Program Files (x86)\Mirillis\Action!\action_x64.dll
0x0000000065060000 - 0x00000000650fd000 	C:\Windows\WinSxS\amd64_microsoft.vc90.crt_1fc8b3b9a1e18e3b_9.0.30729.4940_none_08e4299fa83d7e3c\MSVCR90.dll
0x000007fefbcb0000 - 0x000007fefbcb9000 	C:\Windows\system32\AVRT.dll
0x000007fef2cb0000 - 0x000007fef2d21000 	C:\Windows\system32\WINHTTP.dll
0x000007fef2c40000 - 0x000007fef2ca4000 	C:\Windows\system32\webio.dll
0x0000000064f80000 - 0x0000000065053000 	C:\Windows\WinSxS\amd64_microsoft.vc90.crt_1fc8b3b9a1e18e3b_9.0.30729.4940_none_08e4299fa83d7e3c\MSVCP90.dll
0x000007fefc770000 - 0x000007fefc787000 	C:\Windows\system32\CRYPTSP.dll
0x000007fefc470000 - 0x000007fefc4b7000 	C:\Windows\system32\rsaenh.dll
0x000007fefc190000 - 0x000007fefc1ae000 	C:\Windows\system32\USERENV.dll
0x0000000055d50000 - 0x0000000055d6a000 	C:\Program Files\Java\jre1.8.0_31\bin\net.dll
0x000007fefc710000 - 0x000007fefc765000 	C:\Windows\system32\mswsock.dll
0x000007fefc700000 - 0x000007fefc707000 	C:\Windows\System32\wship6.dll
0x000007fef9490000 - 0x000007fef94b7000 	C:\Windows\system32\IPHLPAPI.DLL
0x000007fef9480000 - 0x000007fef948b000 	C:\Windows\system32\WINNSI.DLL
0x000007fefbcc0000 - 0x000007fefbd0b000 	C:\Windows\system32\mmdevapi.dll
0x000007fefbb50000 - 0x000007fefbc7c000 	C:\Windows\system32\PROPSYS.dll
0x000007fef9300000 - 0x000007fef9311000 	C:\Windows\system32\dhcpcsvc6.DLL
0x000007fef9260000 - 0x000007fef9278000 	C:\Windows\system32\dhcpcsvc.DLL
0x0000000055d30000 - 0x0000000055d41000 	C:\Program Files\Java\jre1.8.0_31\bin\nio.dll
0x00000000637c0000 - 0x00000000637ca000 	C:\Users\Owner\AppData\Local\Temp\jogamp_0000\file_cache\jln4379043289000856425\jln7830531387464195789\gluegen-rt.dll
0x0000000055b00000 - 0x0000000055b07000 	C:\Program Files\Java\jre1.8.0_31\bin\jawt.dll
0x000000006a440000 - 0x000000006a44b000 	C:\Users\Owner\AppData\Local\Temp\jogamp_0000\file_cache\jln4379043289000856425\jln7830531387464195789\nativewindow_awt.dll
0x000000006c100000 - 0x000000006c10b000 	C:\Users\Owner\AppData\Local\Temp\jogamp_0000\file_cache\jln4379043289000856425\jln7830531387464195789\nativewindow_win32.dll
0x000007fee0490000 - 0x000007fee05ad000 	C:\Windows\system32\OpenGL32.dll
0x000007fee6090000 - 0x000007fee60bd000 	C:\Windows\system32\GLU32.dll
0x000007fee4d90000 - 0x000007fee4e81000 	C:\Windows\system32\DDRAW.dll
0x000007fef2a40000 - 0x000007fef2a48000 	C:\Windows\system32\DCIMAN32.dll
0x0000000064500000 - 0x000000006458e000 	C:\Users\Owner\AppData\Local\Temp\jogamp_0000\file_cache\jln4379043289000856425\jln7830531387464195789\jogl_desktop.dll
0x0000000180000000 - 0x00000001806e6000 	C:\Windows\system32\ig75icd64.dll
0x000007fef9fc0000 - 0x000007fef9fd5000 	C:\Windows\system32\NLAapi.dll
0x000007fef2980000 - 0x000007fef2995000 	C:\Windows\system32\napinsp.dll
0x000007fef2960000 - 0x000007fef2979000 	C:\Windows\system32\pnrpnsp.dll
0x000007fefc590000 - 0x000007fefc5eb000 	C:\Windows\system32\DNSAPI.dll
0x000007fef2950000 - 0x000007fef295b000 	C:\Windows\System32\winrnr.dll
0x000007fef2940000 - 0x000007fef2950000 	C:\Windows\system32\wshbth.dll
0x0000000073ea0000 - 0x0000000073ec6000 	C:\Program Files\Bonjour\mdnsNSP.dll
0x000007fef2e00000 - 0x000007fef2e2f000 	C:\Program Files\Common Files\Microsoft Shared\Windows Live\WLIDNSP.DLL
0x000007fefc060000 - 0x000007fefc067000 	C:\Windows\System32\wshtcpip.dll
0x000007fef2df0000 - 0x000007fef2df8000 	C:\Windows\system32\rasadhlp.dll
0x000007fef9280000 - 0x000007fef92d3000 	C:\Windows\System32\fwpuclnt.dll
0x000000005e450000 - 0x000000005e45c000 	C:\Program Files\Java\jre1.8.0_31\bin\jsound.dll
0x0000000055af0000 - 0x0000000055afb000 	C:\Program Files\Java\jre1.8.0_31\bin\jsoundds.dll
0x000007fee5260000 - 0x000007fee52e8000 	C:\Windows\system32\DSOUND.dll
0x000007fefbd10000 - 0x000007fefbd3c000 	C:\Windows\system32\POWRPROF.dll
0x000007fee58d0000 - 0x000007fee590b000 	C:\Windows\system32\wdmaud.drv
0x000000005d070000 - 0x000000005d076000 	C:\Windows\system32\ksuser.dll
0x000007fee4d40000 - 0x000007fee4d8f000 	C:\Windows\system32\AUDIOSES.DLL
0x000007fefb520000 - 0x000007fefb52a000 	C:\Windows\system32\msacm32.drv
0x000007fefb500000 - 0x000007fefb518000 	C:\Windows\system32\MSACM32.dll
0x000007feeb900000 - 0x000007feeb909000 	C:\Windows\system32\midimap.dll
0x000007fefec60000 - 0x000007fefecf9000 	C:\Windows\system32\CLBCatQ.DLL
0x000007fef9c30000 - 0x000007fef9d55000 	C:\Windows\system32\dbghelp.dll

VM Arguments:
jvm_args: -Xms512m -Xmx1024m -Dfile.encoding=Cp1252 
java_command: floader.visuals.StartVisual
java_class_path (initial): C:\Users\Owner\Documents\eclipse workspace\floader-visualizer\bin;C:\Users\Owner\Documents\eclipse workspace\floader-visualizer\lib\apfloat.jar;C:\Users\Owner\Documents\eclipse workspace\floader-visualizer\lib\oscP5.jar;C:\Users\Owner\Documents\eclipse workspace\floader-visualizer\lib\quickhull3d.jar;C:\Users\Owner\Documents\eclipse workspace\floader-visualizer\lib\Ani_floader_namespace.jar;C:\Users\Owner\Documents\eclipse workspace\floader-visualizer\lib\toxiclibscore.jar;C:\Users\Owner\Documents\eclipse workspace\floader-visualizer\lib\core.jar;C:\Users\Owner\Documents\eclipse workspace\floader-visualizer\lib\GLGraphics.jar;C:\Users\Owner\Documents\eclipse workspace\floader-visualizer\lib\gluegen-rt.jar;C:\Users\Owner\Documents\eclipse workspace\floader-visualizer\lib\hemesh.jar;C:\Users\Owner\Documents\eclipse workspace\floader-visualizer\lib\javolution-5.5.1.jar;C:\Users\Owner\Documents\eclipse workspace\floader-visualizer\lib\jogl-all.jar;C:\Users\Owner\Documents\eclipse workspace\floader-visualizer\lib\peasycam.jar;C:\Users\Owner\Documents\eclipse workspace\floader-visualizer\lib\proscene.jar;C:\Users\Owner\Documents\eclipse workspace\floader-visualizer\lib\SimpleOpenNI.jar;C:\Users\Owner\Documents\eclipse workspace\floader-visualizer\lib\themidibus.jar
Launcher Type: SUN_STANDARD

Environment Variables:
PATH=C:\Program Files\Common Files\Microsoft Shared\Windows Live;C:\Program Files (x86)\Common Files\Microsoft Shared\Windows Live;C:\Program Files (x86)\NVIDIA Corporation\PhysX\Common;C:\Program Files\Rtools\bin;C:\Program Files\Rtools\gcc-4.6.3\bin;C:\ProgramData\Oracle\Java\javapath;C:\Program Files (x86)\Intel\iCLS Client\;C:\Program Files\Intel\iCLS Client\;C:\Windows\system32;C:\Windows;C:\Windows\System32\Wbem;C:\Windows\System32\WindowsPowerShell\v1.0\;C:\Program Files\Intel\Intel(R) Management Engine Components\DAL;C:\Program Files\Intel\Intel(R) Management Engine Components\IPT;C:\Program Files (x86)\Intel\Intel(R) Management Engine Components\DAL;C:\Program Files (x86)\Intel\Intel(R) Management Engine Components\IPT;C:\Program Files (x86)\Intel\OpenCL SDK\3.0\bin\x86;C:\Program Files (x86)\Intel\OpenCL SDK\3.0\bin\x64i????a;C:\Program Files\Microsoft SQL Server\110\Tools\Binn\;C:\Program Files (x86)\nodejs\;C:\Python27;C:\Program Files (x86)\Skype\Phone\;C:\Program Files\cURL\bin;C:\Program Files (x86)\Windows Live\Shared;C:\Users\Owner\AppData\Roaming\npm;C:\Program Files (x86)\Google\google_appengine\;C:\Users\Owner\AppData\Local\Box\Box Edit\;.;;.;
USERNAME=Owner
OS=Windows_NT
PROCESSOR_IDENTIFIER=Intel64 Family 6 Model 60 Stepping 3, GenuineIntel



---------------  S Y S T E M  ---------------

OS: Windows 7 , 64 bit Build 7601 Service Pack 1

CPU:total 8 (4 cores per cpu, 2 threads per core) family 6 model 60 stepping 3, cmov, cx8, fxsr, mmx, sse, sse2, sse3, ssse3, sse4.1, sse4.2, popcnt, avx, avx2, aes, clmul, erms, rtm, lzcnt, ht, tsc, tscinvbit, bmi1, bmi2

Memory: 4k page, physical 16695576k(10611600k free), swap 33389292k(26679168k free)

vm_info: Java HotSpot(TM) 64-Bit Server VM (25.31-b07) for windows-amd64 JRE (1.8.0_31-b13), built on Dec 17 2014 21:00:28 by "java_re" with MS VC++ 10.0 (VS2010)

time: Thu Apr 28 23:50:34 2016
elapsed time: 12 seconds (0d 0h 0m 12s)

