#
# A fatal error has been detected by the Java Runtime Environment:
#
#  EXCEPTION_ACCESS_VIOLATION (0xc0000005) at pc=0x00000001800550d2, pid=4000, tid=5024
#
# JRE version: 7.0_25-b17
# Java VM: Java HotSpot(TM) 64-Bit Server VM (23.25-b01 mixed mode windows-amd64 compressed oops)
# Problematic frame:
# C  [ig75icd64.dll+0x550d2]  RegisterProcTableCallback+0x4b982
#
# Failed to write core dump. Minidumps are not enabled by default on client versions of Windows
#
# If you would like to submit a bug report, please visit:
#   http://bugreport.sun.com/bugreport/crash.jsp
# The crash happened outside the Java Virtual Machine in native code.
# See problematic frame for where to report the bug.
#

---------------  T H R E A D  ---------------

Current thread (0x000000000bba5000):  JavaThread "AWT-EventQueue-0" [_thread_in_native, id=5024, stack(0x000000000cd60000,0x000000000ce60000)]

siginfo: ExceptionCode=0xc0000005, reading address 0x0000000000000108

Registers:
RAX=0x0000000011e1d7e0, RBX=0x0000000011aa6bd0, RCX=0x0000000000000228, RDX=0x0000000000000000
RSP=0x000000000ce5d8f0, RBP=0x000000000ce5d980, RSI=0x0000000011aa6bd0, RDI=0x00000000102f5f78
R8 =0x0000000000000000, R9 =0x0000000000000008, R10=0x0000000000000040, R11=0x00000000554edb68
R12=0x0000000000000000, R13=0x00000000026d3e80, R14=0x00000000026d3e80, R15=0x000000000bba5000
RIP=0x00000001800550d2, EFLAGS=0x0000000000010283

Top of Stack: (sp=0x000000000ce5d8f0)
0x000000000ce5d8f0:   00000000026d3e80 0000000011aa6bd0
0x000000000ce5d900:   0000000011aa6bd0 0000000000000001
0x000000000ce5d910:   0000000000000001 0000000000000003
0x000000000ce5d920:   0000000000000001 000000006450d7ff
0x000000000ce5d930:   000000000bba51d8 0000000054ecaeda
0x000000000ce5d940:   000000000ce5e6b8 000000000bba5000
0x000000000ce5d950:   00000000bb9bc860 0000000000000000
0x000000000ce5d960:   00000000bb9bc860 000000000ce5da80
0x000000000ce5d970:   0000000002ad61f8 0000000000000004
0x000000000ce5d980:   000000000ce5da30 0000000002ae23a8
0x000000000ce5d990:   0000000000000001 00000000026d3e80
0x000000000ce5d9a0:   0000000000000228 0000000000000000
0x000000000ce5d9b0:   0000000000000000 0000000000000001
0x000000000ce5d9c0:   00000001803f8ac0 0000000002ad61f8
0x000000000ce5d9d0:   000000000bbd2430 0000000002ad61f8
0x000000000ce5d9e0:   0000000000000004 00000000f4655f08 

Instructions: (pc=0x00000001800550d2)
0x00000001800550b2:   8d 45 20 48 8d 54 24 38 e8 11 fc fc ff 4c 8b 5c
0x00000001800550c2:   24 38 4c 3b 5e 38 75 04 33 d2 eb 04 49 8b 53 18
0x00000001800550d2:   83 ba 08 01 00 00 08 75 0c 41 8b 55 00 48 8b cf
0x00000001800550e2:   e8 59 1e 01 00 45 33 e4 66 0f 1f 44 00 00 33 f6 


Register to memory mapping:

RAX=0x0000000011e1d7e0 is an unknown value
RBX=0x0000000011aa6bd0 is an unknown value
RCX=0x0000000000000228 is an unknown value
RDX=0x0000000000000000 is an unknown value
RSP=0x000000000ce5d8f0 is pointing into the stack for thread: 0x000000000bba5000
RBP=0x000000000ce5d980 is pointing into the stack for thread: 0x000000000bba5000
RSI=0x0000000011aa6bd0 is an unknown value
RDI=0x00000000102f5f78 is an unknown value
R8 =0x0000000000000000 is an unknown value
R9 =0x0000000000000008 is an unknown value
R10=0x0000000000000040 is an unknown value
R11=0x00000000554edb68 is an unknown value
R12=0x0000000000000000 is an unknown value
R13=0x00000000026d3e80 is an unknown value
R14=0x00000000026d3e80 is an unknown value
R15=0x000000000bba5000 is a thread


Stack: [0x000000000cd60000,0x000000000ce60000],  sp=0x000000000ce5d8f0,  free space=1014k
Native frames: (J=compiled Java code, j=interpreted, Vv=VM code, C=native code)
C  [ig75icd64.dll+0x550d2]  RegisterProcTableCallback+0x4b982
j  jogamp.opengl.gl4.GL4bcImpl.dispatch_glDeleteTextures1(ILjava/lang/Object;IZJ)V+0
j  jogamp.opengl.gl4.GL4bcImpl.glDeleteTextures(ILjava/nio/IntBuffer;)V+75
j  processing.opengl.PGL.deleteTextures(ILjava/nio/IntBuffer;)V+5
j  processing.opengl.PGraphicsOpenGL.deleteFinalizedTextureObjects()V+91
j  processing.opengl.PGraphicsOpenGL.createTextureObject(I)I+0
j  processing.opengl.Texture.allocate()V+49
j  processing.opengl.Texture.init(IILprocessing/opengl/Texture$Parameters;)V+12
j  processing.opengl.Texture.<init>(IILjava/lang/Object;)V+59
j  processing.opengl.PGraphicsOpenGL.loadTextureImpl(IZ)V+57
j  processing.opengl.PGraphicsOpenGL.initOffscreen()V+3
j  processing.opengl.PGraphicsOpenGL.beginOffscreenDraw()V+8
j  processing.opengl.PGraphicsOpenGL.beginDraw()V+113
j  floader.visuals.StartVisual.draw()V+394
j  processing.core.PApplet.handleDraw()V+281
j  processing.opengl.PGL$PGLListener.display(Ljavax/media/opengl/GLAutoDrawable;)V+376
j  jogamp.opengl.GLDrawableHelper.displayImpl(Ljavax/media/opengl/GLAutoDrawable;)V+58
j  jogamp.opengl.GLDrawableHelper.display(Ljavax/media/opengl/GLAutoDrawable;)V+2
j  javax.media.opengl.awt.GLCanvas$7.run()V+118
j  jogamp.opengl.GLDrawableHelper.invokeGLImpl(Ljavax/media/opengl/GLDrawable;Ljavax/media/opengl/GLContext;Ljava/lang/Runnable;Ljava/lang/Runnable;)V+206
j  jogamp.opengl.GLDrawableHelper.invokeGL(Ljavax/media/opengl/GLDrawable;Ljavax/media/opengl/GLContext;Ljava/lang/Runnable;Ljava/lang/Runnable;)V+80
j  javax.media.opengl.awt.GLCanvas$8.run()V+73
j  java.awt.event.InvocationEvent.dispatch()V+11
j  java.awt.EventQueue.dispatchEventImpl(Ljava/awt/AWTEvent;Ljava/lang/Object;)V+21
j  java.awt.EventQueue.access$200(Ljava/awt/EventQueue;Ljava/awt/AWTEvent;Ljava/lang/Object;)V+3
j  java.awt.EventQueue$3.run()Ljava/lang/Void;+12
j  java.awt.EventQueue$3.run()Ljava/lang/Object;+1
v  ~StubRoutines::call_stub

Java frames: (J=compiled Java code, j=interpreted, Vv=VM code)
j  jogamp.opengl.gl4.GL4bcImpl.dispatch_glDeleteTextures1(ILjava/lang/Object;IZJ)V+0
j  jogamp.opengl.gl4.GL4bcImpl.glDeleteTextures(ILjava/nio/IntBuffer;)V+75
j  processing.opengl.PGL.deleteTextures(ILjava/nio/IntBuffer;)V+5
j  processing.opengl.PGraphicsOpenGL.deleteFinalizedTextureObjects()V+91
j  processing.opengl.PGraphicsOpenGL.createTextureObject(I)I+0
j  processing.opengl.Texture.allocate()V+49
j  processing.opengl.Texture.init(IILprocessing/opengl/Texture$Parameters;)V+12
j  processing.opengl.Texture.<init>(IILjava/lang/Object;)V+59
j  processing.opengl.PGraphicsOpenGL.loadTextureImpl(IZ)V+57
j  processing.opengl.PGraphicsOpenGL.initOffscreen()V+3
j  processing.opengl.PGraphicsOpenGL.beginOffscreenDraw()V+8
j  processing.opengl.PGraphicsOpenGL.beginDraw()V+113
j  floader.visuals.StartVisual.draw()V+394
j  processing.core.PApplet.handleDraw()V+281
j  processing.opengl.PGL$PGLListener.display(Ljavax/media/opengl/GLAutoDrawable;)V+376
j  jogamp.opengl.GLDrawableHelper.displayImpl(Ljavax/media/opengl/GLAutoDrawable;)V+58
j  jogamp.opengl.GLDrawableHelper.display(Ljavax/media/opengl/GLAutoDrawable;)V+2
j  javax.media.opengl.awt.GLCanvas$7.run()V+118
j  jogamp.opengl.GLDrawableHelper.invokeGLImpl(Ljavax/media/opengl/GLDrawable;Ljavax/media/opengl/GLContext;Ljava/lang/Runnable;Ljava/lang/Runnable;)V+206
j  jogamp.opengl.GLDrawableHelper.invokeGL(Ljavax/media/opengl/GLDrawable;Ljavax/media/opengl/GLContext;Ljava/lang/Runnable;Ljava/lang/Runnable;)V+80
j  javax.media.opengl.awt.GLCanvas$8.run()V+73
j  java.awt.event.InvocationEvent.dispatch()V+11
j  java.awt.EventQueue.dispatchEventImpl(Ljava/awt/AWTEvent;Ljava/lang/Object;)V+21
j  java.awt.EventQueue.access$200(Ljava/awt/EventQueue;Ljava/awt/AWTEvent;Ljava/lang/Object;)V+3
j  java.awt.EventQueue$3.run()Ljava/lang/Void;+12
j  java.awt.EventQueue$3.run()Ljava/lang/Object;+1
v  ~StubRoutines::call_stub
j  java.security.AccessController.doPrivileged(Ljava/security/PrivilegedAction;Ljava/security/AccessControlContext;)Ljava/lang/Object;+0
j  java.security.ProtectionDomain$1.doIntersectionPrivilege(Ljava/security/PrivilegedAction;Ljava/security/AccessControlContext;Ljava/security/AccessControlContext;)Ljava/lang/Object;+28
j  java.awt.EventQueue.dispatchEvent(Ljava/awt/AWTEvent;)V+46
j  java.awt.EventDispatchThread.pumpOneEventForFilters(I)V+245
j  java.awt.EventDispatchThread.pumpEventsForFilter(ILjava/awt/Conditional;Ljava/awt/EventFilter;)V+35
j  java.awt.EventDispatchThread.pumpEventsForHierarchy(ILjava/awt/Conditional;Ljava/awt/Component;)V+11
j  java.awt.EventDispatchThread.pumpEvents(ILjava/awt/Conditional;)V+4
j  java.awt.EventDispatchThread.pumpEvents(Ljava/awt/Conditional;)V+3
j  java.awt.EventDispatchThread.run()V+9
v  ~StubRoutines::call_stub

---------------  P R O C E S S  ---------------

Java Threads: ( => current thread )
  0x0000000018e10800 JavaThread "Java Sound MidiInDevice Thread" [_thread_in_native, id=4640, stack(0x0000000019f30000,0x000000001a030000)]
  0x0000000017d5d800 JavaThread "Java Sound Event Dispatcher" daemon [_thread_blocked, id=5840, stack(0x0000000019d70000,0x0000000019e70000)]
  0x000000000ff9b800 JavaThread "Thread-5" [_thread_in_native, id=4492, stack(0x0000000017440000,0x0000000017540000)]
  0x000000000fb19000 JavaThread "Animation Thread-SharedResourceRunner" daemon [_thread_blocked, id=3104, stack(0x0000000010730000,0x0000000010830000)]
  0x00000000021ed000 JavaThread "DestroyJavaVM" [_thread_blocked, id=4744, stack(0x00000000029d0000,0x0000000002ad0000)]
  0x000000000bc88800 JavaThread "Animation Thread" [_thread_blocked, id=564, stack(0x000000000e840000,0x000000000e940000)]
=>0x000000000bba5000 JavaThread "AWT-EventQueue-0" [_thread_in_native, id=5024, stack(0x000000000cd60000,0x000000000ce60000)]
  0x000000000bb92800 JavaThread "AWT-Windows" daemon [_thread_in_native, id=5452, stack(0x000000000c950000,0x000000000ca50000)]
  0x000000000bb90000 JavaThread "AWT-Shutdown" [_thread_blocked, id=2548, stack(0x000000000c7e0000,0x000000000c8e0000)]
  0x000000000bb8f000 JavaThread "Java2D Disposer" daemon [_thread_blocked, id=5464, stack(0x000000000c2c0000,0x000000000c3c0000)]
  0x000000000b96c800 JavaThread "Service Thread" daemon [_thread_blocked, id=4876, stack(0x000000000c440000,0x000000000c540000)]
  0x000000000b967800 JavaThread "C2 CompilerThread1" daemon [_thread_blocked, id=3660, stack(0x000000000bed0000,0x000000000bfd0000)]
  0x000000000b94e800 JavaThread "C2 CompilerThread0" daemon [_thread_blocked, id=4776, stack(0x000000000c190000,0x000000000c290000)]
  0x000000000b94d800 JavaThread "Attach Listener" daemon [_thread_blocked, id=4580, stack(0x000000000bfe0000,0x000000000c0e0000)]
  0x000000000b94c000 JavaThread "Signal Dispatcher" daemon [_thread_blocked, id=4740, stack(0x000000000bda0000,0x000000000bea0000)]
  0x0000000009888000 JavaThread "Finalizer" daemon [_thread_blocked, id=1108, stack(0x000000000b800000,0x000000000b900000)]
  0x000000000987f800 JavaThread "Reference Handler" daemon [_thread_blocked, id=832, stack(0x000000000b670000,0x000000000b770000)]

Other Threads:
  0x0000000009876000 VMThread [stack: 0x000000000b520000,0x000000000b620000] [id=5096]
  0x000000000b985800 WatcherThread [stack: 0x000000000c5e0000,0x000000000c6e0000] [id=3972]

VM state:not at safepoint (normal execution)

VM Mutex/Monitor currently owned by a thread: None

Heap
 PSYoungGen      total 152896K, used 24234K [0x00000000eaab0000, 0x00000000f5550000, 0x0000000100000000)
  eden space 131072K, 1% used [0x00000000eaab0000,0x00000000ead11620,0x00000000f2ab0000)
  from space 21824K, 99% used [0x00000000f4000000,0x00000000f55494c0,0x00000000f5550000)
  to   space 21824K, 0% used [0x00000000f2ab0000,0x00000000f2ab0000,0x00000000f4000000)
 ParOldGen       total 349568K, used 6961K [0x00000000c0000000, 0x00000000d5560000, 0x00000000eaab0000)
  object space 349568K, 1% used [0x00000000c0000000,0x00000000c06cc580,0x00000000d5560000)
 PSPermGen       total 21248K, used 18671K [0x00000000bae00000, 0x00000000bc2c0000, 0x00000000c0000000)
  object space 21248K, 87% used [0x00000000bae00000,0x00000000bc03bec8,0x00000000bc2c0000)

Card table byte_map: [0x0000000005ad0000,0x0000000005d00000] byte_map_base: 0x00000000054f9000

Polling page: 0x0000000000220000

Code Cache  [0x0000000002ad0000, 0x0000000002d40000, 0x0000000005ad0000)
 total_blobs=1223 nmethods=440 adapters=734 free_code_cache=47501Kb largest_free_block=48606272

Compilation events (10 events):
Event: 9.267 Thread 0x000000000b94e800  444             processing.opengl.PShader::getUniformLoc (17 bytes)
Event: 9.267 Thread 0x000000000b967800  445             processing.opengl.PGL::getUniformLocation (11 bytes)
Event: 9.268 Thread 0x000000000b967800 nmethod 445 0x0000000002c5f0d0 code [0x0000000002c5f220, 0x0000000002c5f348]
Event: 9.268 Thread 0x000000000b967800  446             jogamp.opengl.gl4.GL4bcImpl::glGetUniformLocation (39 bytes)
Event: 9.268 Thread 0x000000000b94e800 nmethod 444 0x0000000002c5eb10 code [0x0000000002c5ec80, 0x0000000002c5edf8]
Event: 9.268 Thread 0x000000000b967800 nmethod 446 0x0000000002c5e790 code [0x0000000002c5e8e0, 0x0000000002c5e9c8]
Event: 9.611 Thread 0x000000000b94e800  448             java.nio.DirectIntBufferU::get (16 bytes)
Event: 9.612 Thread 0x000000000b94e800 nmethod 448 0x0000000002c5e550 code [0x0000000002c5e680, 0x0000000002c5e6f8]
Event: 10.011 Thread 0x000000000b967800  449             java.util.concurrent.locks.AbstractOwnableSynchronizer::getExclusiveOwnerThread (5 bytes)
Event: 10.011 Thread 0x000000000b967800 nmethod 449 0x0000000002c5b710 code [0x0000000002c5b840, 0x0000000002c5b898]

GC Heap History (8 events):
Event: 2.478 GC heap before
{Heap before GC invocations=1 (full 0):
 PSYoungGen      total 152896K, used 131072K [0x00000000eaab0000, 0x00000000f5550000, 0x0000000100000000)
  eden space 131072K, 100% used [0x00000000eaab0000,0x00000000f2ab0000,0x00000000f2ab0000)
  from space 21824K, 0% used [0x00000000f4000000,0x00000000f4000000,0x00000000f5550000)
  to   space 21824K, 0% used [0x00000000f2ab0000,0x00000000f2ab0000,0x00000000f4000000)
 ParOldGen       total 349568K, used 0K [0x00000000c0000000, 0x00000000d5560000, 0x00000000eaab0000)
  object space 349568K, 0% used [0x00000000c0000000,0x00000000c0000000,0x00000000d5560000)
 PSPermGen       total 21248K, used 17228K [0x00000000bae00000, 0x00000000bc2c0000, 0x00000000c0000000)
  object space 21248K, 81% used [0x00000000bae00000,0x00000000bbed30a0,0x00000000bc2c0000)
Event: 2.491 GC heap after
Heap after GC invocations=1 (full 0):
 PSYoungGen      total 152896K, used 18126K [0x00000000eaab0000, 0x00000000f5550000, 0x0000000100000000)
  eden space 131072K, 0% used [0x00000000eaab0000,0x00000000eaab0000,0x00000000f2ab0000)
  from space 21824K, 83% used [0x00000000f2ab0000,0x00000000f3c63900,0x00000000f4000000)
  to   space 21824K, 0% used [0x00000000f4000000,0x00000000f4000000,0x00000000f5550000)
 ParOldGen       total 349568K, used 8K [0x00000000c0000000, 0x00000000d5560000, 0x00000000eaab0000)
  object space 349568K, 0% used [0x00000000c0000000,0x00000000c0002000,0x00000000d5560000)
 PSPermGen       total 21248K, used 17228K [0x00000000bae00000, 0x00000000bc2c0000, 0x00000000c0000000)
  object space 21248K, 81% used [0x00000000bae00000,0x00000000bbed30a0,0x00000000bc2c0000)
}
Event: 5.611 GC heap before
{Heap before GC invocations=2 (full 0):
 PSYoungGen      total 152896K, used 149198K [0x00000000eaab0000, 0x00000000f5550000, 0x0000000100000000)
  eden space 131072K, 100% used [0x00000000eaab0000,0x00000000f2ab0000,0x00000000f2ab0000)
  from space 21824K, 83% used [0x00000000f2ab0000,0x00000000f3c63900,0x00000000f4000000)
  to   space 21824K, 0% used [0x00000000f4000000,0x00000000f4000000,0x00000000f5550000)
 ParOldGen       total 349568K, used 8K [0x00000000c0000000, 0x00000000d5560000, 0x00000000eaab0000)
  object space 349568K, 0% used [0x00000000c0000000,0x00000000c0002000,0x00000000d5560000)
 PSPermGen       total 21248K, used 18632K [0x00000000bae00000, 0x00000000bc2c0000, 0x00000000c0000000)
  object space 21248K, 87% used [0x00000000bae00000,0x00000000bc032050,0x00000000bc2c0000)
Event: 5.627 GC heap after
Heap after GC invocations=2 (full 0):
 PSYoungGen      total 152896K, used 18725K [0x00000000eaab0000, 0x00000000f5550000, 0x0000000100000000)
  eden space 131072K, 0% used [0x00000000eaab0000,0x00000000eaab0000,0x00000000f2ab0000)
  from space 21824K, 85% used [0x00000000f4000000,0x00000000f52495b0,0x00000000f5550000)
  to   space 21824K, 0% used [0x00000000f2ab0000,0x00000000f2ab0000,0x00000000f4000000)
 ParOldGen       total 349568K, used 16K [0x00000000c0000000, 0x00000000d5560000, 0x00000000eaab0000)
  object space 349568K, 0% used [0x00000000c0000000,0x00000000c0004000,0x00000000d5560000)
 PSPermGen       total 21248K, used 18632K [0x00000000bae00000, 0x00000000bc2c0000, 0x00000000c0000000)
  object space 21248K, 87% used [0x00000000bae00000,0x00000000bc032050,0x00000000bc2c0000)
}
Event: 7.397 GC heap before
{Heap before GC invocations=3 (full 0):
 PSYoungGen      total 152896K, used 149797K [0x00000000eaab0000, 0x00000000f5550000, 0x0000000100000000)
  eden space 131072K, 100% used [0x00000000eaab0000,0x00000000f2ab0000,0x00000000f2ab0000)
  from space 21824K, 85% used [0x00000000f4000000,0x00000000f52495b0,0x00000000f5550000)
  to   space 21824K, 0% used [0x00000000f2ab0000,0x00000000f2ab0000,0x00000000f4000000)
 ParOldGen       total 349568K, used 16K [0x00000000c0000000, 0x00000000d5560000, 0x00000000eaab0000)
  object space 349568K, 0% used [0x00000000c0000000,0x00000000c0004000,0x00000000d5560000)
 PSPermGen       total 21248K, used 18644K [0x00000000bae00000, 0x00000000bc2c0000, 0x00000000c0000000)
  object space 21248K, 87% used [0x00000000bae00000,0x00000000bc035260,0x00000000bc2c0000)
Event: 7.405 GC heap after
Heap after GC invocations=3 (full 0):
 PSYoungGen      total 152896K, used 17957K [0x00000000eaab0000, 0x00000000f5550000, 0x0000000100000000)
  eden space 131072K, 0% used [0x00000000eaab0000,0x00000000eaab0000,0x00000000f2ab0000)
  from space 21824K, 82% used [0x00000000f2ab0000,0x00000000f3c397d0,0x00000000f4000000)
  to   space 21824K, 0% used [0x00000000f4000000,0x00000000f4000000,0x00000000f5550000)
 ParOldGen       total 349568K, used 24K [0x00000000c0000000, 0x00000000d5560000, 0x00000000eaab0000)
  object space 349568K, 0% used [0x00000000c0000000,0x00000000c0006000,0x00000000d5560000)
 PSPermGen       total 21248K, used 18644K [0x00000000bae00000, 0x00000000bc2c0000, 0x00000000c0000000)
  object space 21248K, 87% used [0x00000000bae00000,0x00000000bc035260,0x00000000bc2c0000)
}
Event: 10.446 GC heap before
{Heap before GC invocations=4 (full 0):
 PSYoungGen      total 152896K, used 149029K [0x00000000eaab0000, 0x00000000f5550000, 0x0000000100000000)
  eden space 131072K, 100% used [0x00000000eaab0000,0x00000000f2ab0000,0x00000000f2ab0000)
  from space 21824K, 82% used [0x00000000f2ab0000,0x00000000f3c397d0,0x00000000f4000000)
  to   space 21824K, 0% used [0x00000000f4000000,0x00000000f4000000,0x00000000f5550000)
 ParOldGen       total 349568K, used 24K [0x00000000c0000000, 0x00000000d5560000, 0x00000000eaab0000)
  object space 349568K, 0% used [0x00000000c0000000,0x00000000c0006000,0x00000000d5560000)
 PSPermGen       total 21248K, used 18671K [0x00000000bae00000, 0x00000000bc2c0000, 0x00000000c0000000)
  object space 21248K, 87% used [0x00000000bae00000,0x00000000bc03bec8,0x00000000bc2c0000)
Event: 10.466 GC heap after
Heap after GC invocations=4 (full 0):
 PSYoungGen      total 152896K, used 21797K [0x00000000eaab0000, 0x00000000f5550000, 0x0000000100000000)
  eden space 131072K, 0% used [0x00000000eaab0000,0x00000000eaab0000,0x00000000f2ab0000)
  from space 21824K, 99% used [0x00000000f4000000,0x00000000f55494c0,0x00000000f5550000)
  to   space 21824K, 0% used [0x00000000f2ab0000,0x00000000f2ab0000,0x00000000f4000000)
 ParOldGen       total 349568K, used 6961K [0x00000000c0000000, 0x00000000d5560000, 0x00000000eaab0000)
  object space 349568K, 1% used [0x00000000c0000000,0x00000000c06cc580,0x00000000d5560000)
 PSPermGen       total 21248K, used 18671K [0x00000000bae00000, 0x00000000bc2c0000, 0x00000000c0000000)
  object space 21248K, 87% used [0x00000000bae00000,0x00000000bc03bec8,0x00000000bc2c0000)
}

Deoptimization events (10 events):
Event: 3.292 Thread 0x000000000bba5000 Uncommon trap -83 fr.pc 0x0000000002b9e3a8
Event: 3.357 Thread 0x000000000bba5000 Uncommon trap -34 fr.pc 0x0000000002bddb88
Event: 3.372 Thread 0x000000000bba5000 Uncommon trap -34 fr.pc 0x0000000002bb3f08
Event: 3.372 Thread 0x000000000bba5000 Uncommon trap -34 fr.pc 0x0000000002bb3f08
Event: 3.407 Thread 0x000000000bba5000 Uncommon trap -34 fr.pc 0x0000000002bddb88
Event: 3.426 Thread 0x000000000bba5000 Uncommon trap -34 fr.pc 0x0000000002bddb88
Event: 3.427 Thread 0x000000000bba5000 Uncommon trap -34 fr.pc 0x0000000002bddb88
Event: 3.703 Thread 0x000000000bba5000 Uncommon trap -122 fr.pc 0x0000000002bdf59c
Event: 10.466 Thread 0x0000000009888000 Uncommon trap -34 fr.pc 0x0000000002bb3f08
Event: 10.466 Thread 0x0000000009888000 Uncommon trap -34 fr.pc 0x0000000002bb3f08

Internal exceptions (10 events):
Event: 3.303 Thread 0x000000000bba5000 Threw 0x00000000ec658df0 at C:\jdk7u2_64p\jdk7u25\hotspot\src\share\vm\prims\jvm.cpp:1235
Event: 3.304 Thread 0x000000000bba5000 Threw 0x00000000ec6666f0 at C:\jdk7u2_64p\jdk7u25\hotspot\src\share\vm\prims\jvm.cpp:1235
Event: 3.305 Thread 0x000000000bba5000 Threw 0x00000000ec678a80 at C:\jdk7u2_64p\jdk7u25\hotspot\src\share\vm\prims\jvm.cpp:1235
Event: 3.305 Thread 0x000000000bba5000 Threw 0x00000000ec684130 at C:\jdk7u2_64p\jdk7u25\hotspot\src\share\vm\prims\jvm.cpp:1235
Event: 3.306 Thread 0x000000000bba5000 Threw 0x00000000ec688000 at C:\jdk7u2_64p\jdk7u25\hotspot\src\share\vm\prims\jvm.cpp:1235
Event: 4.188 Thread 0x0000000018e10800 Threw 0x00000000ee055658 at C:\jdk7u2_64p\jdk7u25\hotspot\src\share\vm\prims\jvm.cpp:1235
Event: 4.188 Thread 0x0000000018e10800 Threw 0x00000000ee058bf0 at C:\jdk7u2_64p\jdk7u25\hotspot\src\share\vm\prims\jvm.cpp:1235
Event: 4.365 Thread 0x000000000bba5000 Threw 0x00000000ee7aa3b0 at C:\jdk7u2_64p\jdk7u25\hotspot\src\share\vm\prims\jvm.cpp:1235
Event: 4.366 Thread 0x000000000bba5000 Threw 0x00000000ee7adff8 at C:\jdk7u2_64p\jdk7u25\hotspot\src\share\vm\prims\jvm.cpp:1235
Event: 4.366 Thread 0x000000000bba5000 Threw 0x00000000ee7b4350 at C:\jdk7u2_64p\jdk7u25\hotspot\src\share\vm\prims\jvm.cpp:1235

Events (10 events):
Event: 10.467 Executing VM operation: RevokeBias
Event: 10.467 Executing VM operation: RevokeBias done
Event: 10.467 Executing VM operation: RevokeBias
Event: 10.467 Executing VM operation: RevokeBias done
Event: 10.467 Executing VM operation: RevokeBias
Event: 10.467 Executing VM operation: RevokeBias done
Event: 10.467 Executing VM operation: RevokeBias
Event: 10.467 Executing VM operation: RevokeBias done
Event: 10.467 Executing VM operation: BulkRevokeBias
Event: 10.467 Executing VM operation: BulkRevokeBias done


Dynamic libraries:
0x000000013fb60000 - 0x000000013fb93000 	C:\Program Files\Java\jre7\bin\javaw.exe
0x0000000077aa0000 - 0x0000000077c49000 	C:\Windows\SYSTEM32\ntdll.dll
0x0000000077880000 - 0x000000007799f000 	C:\Windows\system32\kernel32.dll
0x000007fefd990000 - 0x000007fefd9fb000 	C:\Windows\system32\KERNELBASE.dll
0x000007feffb70000 - 0x000007feffc4b000 	C:\Windows\system32\ADVAPI32.dll
0x000007fefe2c0000 - 0x000007fefe35f000 	C:\Windows\system32\msvcrt.dll
0x000007fefddc0000 - 0x000007fefdddf000 	C:\Windows\SYSTEM32\sechost.dll
0x000007fefe3e0000 - 0x000007fefe50d000 	C:\Windows\system32\RPCRT4.dll
0x00000000779a0000 - 0x0000000077a9a000 	C:\Windows\system32\USER32.dll
0x000007feffc70000 - 0x000007feffcd7000 	C:\Windows\system32\GDI32.dll
0x000007fefe2b0000 - 0x000007fefe2be000 	C:\Windows\system32\LPK.dll
0x000007feffce0000 - 0x000007feffda9000 	C:\Windows\system32\USP10.dll
0x000007fefbda0000 - 0x000007fefbf94000 	C:\Windows\WinSxS\amd64_microsoft.windows.common-controls_6595b64144ccf1df_6.0.7601.17514_none_fa396087175ac9ac\COMCTL32.dll
0x000007fefe360000 - 0x000007fefe3d1000 	C:\Windows\system32\SHLWAPI.dll
0x000007feffac0000 - 0x000007feffaee000 	C:\Windows\system32\IMM32.DLL
0x000007fefdcb0000 - 0x000007fefddb9000 	C:\Windows\system32\MSCTF.dll
0x000007fefd830000 - 0x000007fefd876000 	C:\Windows\system32\nvinitx.dll
0x000000000f000000 - 0x000000000f006000 	C:\Program Files\NVIDIA Corporation\CoProcManager\_etoured.dll
0x000007fef9a70000 - 0x000007fef9ac5000 	C:\Program Files\NVIDIA Corporation\CoProcManager\nvd3d9wrapx.dll
0x000007fefdde0000 - 0x000007fefdfb7000 	C:\Windows\system32\SETUPAPI.dll
0x000007fefdc60000 - 0x000007fefdc96000 	C:\Windows\system32\CFGMGR32.dll
0x000007feff880000 - 0x000007feff957000 	C:\Windows\system32\OLEAUT32.dll
0x000007feff440000 - 0x000007feff643000 	C:\Windows\system32\ole32.dll
0x000007fefd930000 - 0x000007fefd94a000 	C:\Windows\system32\DEVOBJ.dll
0x000007fef9970000 - 0x000007fef99ad000 	C:\Program Files\NVIDIA Corporation\CoProcManager\nvdxgiwrapx.dll
0x0000000055560000 - 0x0000000055631000 	C:\Program Files\Java\jre7\bin\msvcr100.dll
0x0000000054e50000 - 0x000000005555f000 	C:\Program Files\Java\jre7\bin\server\jvm.dll
0x000007fef3e60000 - 0x000007fef3e69000 	C:\Windows\system32\WSOCK32.dll
0x000007fefe510000 - 0x000007fefe55d000 	C:\Windows\system32\WS2_32.dll
0x000007feff2f0000 - 0x000007feff2f8000 	C:\Windows\system32\NSI.dll
0x000007fefa270000 - 0x000007fefa2ab000 	C:\Windows\system32\WINMM.dll
0x0000000077c70000 - 0x0000000077c77000 	C:\Windows\system32\PSAPI.DLL
0x000000006ea20000 - 0x000000006ea2f000 	C:\Program Files\Java\jre7\bin\verify.dll
0x000000005faf0000 - 0x000000005fb18000 	C:\Program Files\Java\jre7\bin\java.dll
0x000000006d640000 - 0x000000006d655000 	C:\Program Files\Java\jre7\bin\zip.dll
0x0000000054cb0000 - 0x0000000054e45000 	C:\Program Files\Java\jre7\bin\awt.dll
0x000007fefa920000 - 0x000007fefa938000 	C:\Windows\system32\DWMAPI.DLL
0x000007fefae10000 - 0x000007fefae66000 	C:\Windows\system32\uxtheme.dll
0x000007fefd760000 - 0x000007fefd76f000 	C:\Windows\system32\CRYPTBASE.dll
0x000000005fa00000 - 0x000000005fa3f000 	C:\Program Files\Java\jre7\bin\fontmanager.dll
0x000007fefd100000 - 0x000007fefd117000 	C:\Windows\system32\CRYPTSP.dll
0x000007fefce00000 - 0x000007fefce47000 	C:\Windows\system32\rsaenh.dll
0x000007fefcb70000 - 0x000007fefcb8e000 	C:\Windows\system32\USERENV.dll
0x000007fefd880000 - 0x000007fefd88f000 	C:\Windows\system32\profapi.dll
0x000000005f3e0000 - 0x000000005f3f9000 	C:\Program Files\Java\jre7\bin\net.dll
0x000007fefd0a0000 - 0x000007fefd0f5000 	C:\Windows\system32\mswsock.dll
0x000007fefd090000 - 0x000007fefd097000 	C:\Windows\System32\wship6.dll
0x000007fefc1a0000 - 0x000007fefc1b5000 	C:\Windows\system32\NLAapi.dll
0x000007fef77c0000 - 0x000007fef77d5000 	C:\Windows\system32\napinsp.dll
0x000007fef7780000 - 0x000007fef7799000 	C:\Windows\system32\pnrpnsp.dll
0x000007fefcf20000 - 0x000007fefcf7b000 	C:\Windows\system32\DNSAPI.dll
0x000007fef7660000 - 0x000007fef766b000 	C:\Windows\System32\winrnr.dll
0x000007fef7650000 - 0x000007fef7660000 	C:\Windows\system32\wshbth.dll
0x000007fefca40000 - 0x000007fefca47000 	C:\Windows\System32\wshtcpip.dll
0x000007fefbcc0000 - 0x000007fefbce7000 	C:\Windows\system32\IPHLPAPI.DLL
0x000007fefbcb0000 - 0x000007fefbcbb000 	C:\Windows\system32\WINNSI.DLL
0x000007fef7f10000 - 0x000007fef7f18000 	C:\Windows\system32\rasadhlp.dll
0x000007fefbb40000 - 0x000007fefbb93000 	C:\Windows\System32\fwpuclnt.dll
0x000000005f3c0000 - 0x000000005f3d1000 	C:\Program Files\Java\jre7\bin\nio.dll
0x00000000637c0000 - 0x00000000637ca000 	C:\Users\Owner\AppData\Local\Temp\jogamp_0000\file_cache\jln9089382210962798796\jln2285506769407143991\gluegen-rt.dll
0x0000000070500000 - 0x0000000070507000 	C:\Program Files\Java\jre7\bin\jawt.dll
0x000000006a440000 - 0x000000006a44b000 	C:\Users\Owner\AppData\Local\Temp\jogamp_0000\file_cache\jln9089382210962798796\jln2285506769407143991\nativewindow_awt.dll
0x000007fefe560000 - 0x000007feff2e8000 	C:\Windows\system32\SHELL32.dll
0x000000006c100000 - 0x000000006c10b000 	C:\Users\Owner\AppData\Local\Temp\jogamp_0000\file_cache\jln9089382210962798796\jln2285506769407143991\nativewindow_win32.dll
0x000007fef7820000 - 0x000007fef793d000 	C:\Windows\system32\OpenGL32.dll
0x000007fef77f0000 - 0x000007fef781d000 	C:\Windows\system32\GLU32.dll
0x000007fef3c10000 - 0x000007fef3d01000 	C:\Windows\system32\DDRAW.dll
0x000007fef3c00000 - 0x000007fef3c08000 	C:\Windows\system32\DCIMAN32.dll
0x0000000064500000 - 0x000000006458e000 	C:\Users\Owner\AppData\Local\Temp\jogamp_0000\file_cache\jln9089382210962798796\jln2285506769407143991\jogl_desktop.dll
0x0000000180000000 - 0x00000001806e6000 	C:\Windows\system32\ig75icd64.dll
0x000007fef5b40000 - 0x000007fef5f71000 	C:\Windows\system32\igdusc64.dll
0x000000006ea10000 - 0x000000006ea1c000 	C:\Program Files\Java\jre7\bin\jsound.dll
0x00000000651e0000 - 0x00000000651eb000 	C:\Program Files\Java\jre7\bin\jsoundds.dll
0x000007fef1df0000 - 0x000007fef1e78000 	C:\Windows\system32\DSOUND.dll
0x000007fefc6f0000 - 0x000007fefc71c000 	C:\Windows\system32\POWRPROF.dll
0x000007fefc660000 - 0x000007fefc6ab000 	C:\Windows\system32\MMDevAPI.DLL
0x000007fefc400000 - 0x000007fefc52c000 	C:\Windows\system32\PROPSYS.dll
0x000007fefa940000 - 0x000007fefa97b000 	C:\Windows\system32\wdmaud.drv
0x0000000070cf0000 - 0x0000000070cf6000 	C:\Windows\system32\ksuser.dll
0x000007fefc6e0000 - 0x000007fefc6e9000 	C:\Windows\system32\AVRT.dll
0x000007fef3bb0000 - 0x000007fef3bff000 	C:\Windows\system32\AUDIOSES.DLL
0x000007fefc6c0000 - 0x000007fefc6ca000 	C:\Windows\system32\msacm32.drv
0x000007fefa9d0000 - 0x000007fefa9e8000 	C:\Windows\system32\MSACM32.dll
0x000007fefa6d0000 - 0x000007fefa6d9000 	C:\Windows\system32\midimap.dll
0x000007feff3a0000 - 0x000007feff439000 	C:\Windows\system32\CLBCatQ.DLL
0x000007fef1bc0000 - 0x000007fef1ce5000 	C:\Windows\system32\dbghelp.dll

VM Arguments:
jvm_args: -Xms512m -Xmx1024m -Dfile.encoding=Cp1252 
java_command: floader.visuals.StartVisual
Launcher Type: SUN_STANDARD

Environment Variables:
CLASSPATH=.;C:\Program Files (x86)\QuickTime\QTSystem\QTJava.zip
PATH=C:/Program Files (x86)/Java/jre7/bin/client;C:/Program Files (x86)/Java/jre7/bin;C:/Program Files (x86)/Java/jre7/lib/i386;C:\Program Files (x86)\NVIDIA Corporation\PhysX\Common;C:\Program Files (x86)\Intel\iCLS Client\;C:\Program Files\Intel\iCLS Client\;C:\Windows\system32;C:\Windows;C:\Windows\System32\Wbem;C:\Windows\System32\WindowsPowerShell\v1.0\;C:\Program Files\Intel\Intel(R) Management Engine Components\DAL;C:\Program Files\Intel\Intel(R) Management Engine Components\IPT;C:\Program Files (x86)\Intel\Intel(R) Management Engine Components\DAL;C:\Program Files (x86)\Intel\Intel(R) Management Engine Components\IPT;C:\Program Files (x86)\QuickTime\QTSystem\;C:\Program Files (x86)\Intel\OpenCL SDK\3.0\bin\x86;C:\Program Files (x86)\Intel\OpenCL SDK\3.0\bin\x64i????a;.;;.;;C:\Program Files (x86)\eclipse;
USERNAME=Owner
OS=Windows_NT
PROCESSOR_IDENTIFIER=Intel64 Family 6 Model 60 Stepping 3, GenuineIntel



---------------  S Y S T E M  ---------------

OS: Windows 7 , 64 bit Build 7601 Service Pack 1

CPU:total 8 (4 cores per cpu, 2 threads per core) family 6 model 60 stepping 3, cmov, cx8, fxsr, mmx, sse, sse2, sse3, ssse3, sse4.1, sse4.2, popcnt, avx, avx2, ht, tsc, tscinvbit

Memory: 4k page, physical 16695576k(10906312k free), swap 33389292k(26784240k free)

vm_info: Java HotSpot(TM) 64-Bit Server VM (23.25-b01) for windows-amd64 JRE (1.7.0_25-b17), built on Jun 21 2013 12:58:32 by "java_re" with unknown MS VC++:1600

time: Wed Dec 11 21:25:19 2013
elapsed time: 10 seconds

